          ============================================================
          |                                                          |
          |            Crystallography & NMR System (CNS)            |
          |                         CNSsolve                         |
          |                                                          |
          ============================================================
           Version: 1.3 at patch level U
           Status: Special UU release with Rg and paramagnetic
                   restraints (A. Bonvin, UU 2011)
          ============================================================
           Written by: A.T.Brunger, P.D.Adams, G.M.Clore, W.L.DeLano,
                       P.Gros, R.W.Grosse-Kunstleve,J.-S.Jiang,J.M.Krahn,
                       J.Kuszewski, M.Nilges, N.S.Pannu, R.J.Read,
                       L.M.Rice, G.F.Schroeder, T.Simonson, G.L.Warren.
           Copyright (c) 1997-2010 Yale University
          ============================================================
           Running on machine: hostname unknown (x86_64/Linux,64-bit)
           Program started by: unknown
           Program started at: 11:58:20 on 20-Jul-2021
          ============================================================

 FFT3C: Using FFTPACK4.1

 CNSsolve> 
 CNSsolve>! Parameters 
 CNSsolve>eval ($autohis=true) 
 EVALUATE: symbol $AUTOHIS set to TRUE (logical)
 CNSsolve>eval ($delenph=true) 
 EVALUATE: symbol $DELENPH set to TRUE (logical)
 CNSsolve>eval ($randorien=true) 
 EVALUATE: symbol $RANDORIEN set to TRUE (logical)
 CNSsolve>eval ($log_level="verbose") 
 EVALUATE: symbol $LOG_LEVEL set to "verbose" (string)
 CNSsolve> 
 CNSsolve>! FF parameters 
 CNSsolve>parameter 
 PARRDR>  @@/home/joao/github/haddock3/src/haddock/data/toppar/haddock.param 
 ASSFIL: file haddock.param opened.
 PARRDR>remarks file toppar/ion.param 
 PARRDR>remarks nonbonded parameters for common ions 
 PARRDR>remarks new parameters derived from literature for single atom species 
 PARRDR>remarks PDA 02/09/99 
 PARRDR> 
 PARRDR>set echo=off end 
 PARRDR>! Put in this file your ligand parameters if needed 
 PARRDR>remarks file toppar/protein-allhdg5-4.param 
 PARRDR>remark 
 PARRDR>remark   for file protein-allhdg-ucl.top  version UCL  date 14-MAR-00 
 PARRDR>remark   for file protein-allhdg-dih-ucl.top  version UCL  date 07-JUL-01 
 PARRDR>remark   Geometric energy function parameters for distance geometry and 
 PARRDR>remark   simulated annealing. 
 PARRDR>remark   Original author: Michael Nilges, EMBL Heidelberg 
 PARRDR>remark   Modifications: Mark A. Williams, UCL London 
 PARRDR>remark   Several modifications for HADDOCK: Alexandre Bonvin, Utrecht Uni 
 PARRDR>remark   Last modification 27-02-2014 
 PARRDR> 
 PARRDR>set message ? end eval ($old_message=$result) set echo ? end eval ($old_echo=$result) 
 MESSage=NORM
 EVALUATE: symbol $OLD_MESSAGE set to "NORM" (string)
 ECHO=TRUE {ON}
 EVALUATE: symbol $OLD_ECHO set to TRUE (logical)
 PARRDR>set message=off echo=off end 
 PARRDR> 
 PARRDR>remarks file toppar/water-allhdg5-4.param 
 PARRDR>remarks 
 PARRDR>remarks   PARAM19.SOL (solvent parameters) 
 PARRDR>remarks   =========== 
 PARRDR>remarks   available: TIPS3P and DMSO model 
 PARRDR> 
 PARRDR>set message ? end eval ($old_message=$result) set echo ? end eval ($old_echo=$result) 
 MESSage=NORM
 EVALUATE: symbol $OLD_MESSAGE set to "NORM" (string)
 ECHO=TRUE {ON}
 EVALUATE: symbol $OLD_ECHO set to TRUE (logical)
 PARRDR>set message=off echo=off end 
 PARRDR>end 
 %PARRDR-info: duplication of bond HC   NC2 
 %PARRDR-info: duplication of angle CH2P CH2E HA  
 CNSsolve> 
 CNSsolve>! Toplogy 
 CNSsolve>topology 
 RTFRDR>  @@/home/joao/github/haddock3/src/haddock/data/toppar/haddock.top 
 ASSFIL: file haddock.top opened.
 RTFRDR>remarks file toppar/ion.top 
 RTFRDR>remarks topology and masses for common ions 
 RTFRDR>remarks Dingle atom ion residues are given the name of the element. 
 RTFRDR>remarks By default the atom will be uncharged (eg. the residue MG will 
 RTFRDR>remarks contain the atom called MG with zero charge). 
 RTFRDR>remarks To use the charged species the charge state is appended to 
 RTFRDR>remarks the atom name (eg to use MG2+ the residue name is MG2, and the 
 RTFRDR>remarks atom name is MG+2 and has charge +2.0). 
 RTFRDR>remarks NOTE: not all ionic species are represented 
 RTFRDR>remarks PDA 02/09/99 
 RTFRDR> 
 RTFRDR>set echo=false end 
 RTFRDR>! Put in this file your ligand topology if needed 
 RTFRDR>remarks file toppar/protein-allhdg5-4.top 
 RTFRDR>remarks 
 RTFRDR>remarks   file topallhdg.pro  version 5.4  date 07-July-10 
 RTFRDR>remarks      for file parallhdg.pro version 5.4 date 07-July-10 or later 
 RTFRDR>remarks   Geometric energy function parameters for distance geometry and 
 RTFRDR>remarks      simulated annealing. 
 RTFRDR>remarks   Author: Michael Nilges, EMBL Heidelberg; Institut Pasteur, Paris 
 RTFRDR>remarks   This file contains modifications from M. Williams, UCL London 
 RTFRDR>remarks   and multiple modifications for HADDOCK from A. Bonvin, Utrecht University 
 RTFRDR>remarks   Last modification 24-09-2014 
 RTFRDR> 
 RTFRDR>set message ? end eval ($old_message=$result) set echo ? end eval ($old_echo=$result) 
 MESSage=NORM
 EVALUATE: symbol $OLD_MESSAGE set to "NORM" (string)
 ECHO=TRUE {ON}
 EVALUATE: symbol $OLD_ECHO set to TRUE (logical)
 RTFRDR>set message=off echo=off end 
 %RTFIO-warning: undefined masses in residue CYC 
 %RTFIO error encountered: there are undefined masses.
   (CNS is in mode: SET ABORT=NORMal END)
 RTFRDR>remarks file toppar/protein_break.top 
 RTFRDR>remarks   patches to remove peptide linkages 
 RTFRDR> 
 RTFRDR>! Paul Adams 28th June 1999 
 RTFRDR>! Yale University 
 RTFRDR> 
 RTFRDR>set echo=false end 
 %RTFRDR-ERR: duplicate (P-)RESIdue name DPEP
 %RTFRDR-ERR: duplicate (P-)RESIdue name DPPP
 RTFRDR> 
 RTFRDR>remarks file toppar/water-allhdg5-4.top 
 RTFRDR>remarks 
 RTFRDR>remarks  TOPH19.SOL 
 RTFRDR>remarks  ========== 
 RTFRDR>remarks  topology file for solvent molecules 
 RTFRDR>remarks  water models available: TIP3P model 
 RTFRDR> 
 RTFRDR>set message ? end eval ($old_message=$result) set echo ? end eval ($old_echo=$result) 
 MESSage=NORM
 EVALUATE: symbol $OLD_MESSAGE set to "NORM" (string)
 ECHO=TRUE {ON}
 EVALUATE: symbol $OLD_ECHO set to TRUE (logical)
 RTFRDR>set message=off echo=off end 
 RTFRDR> 
 RTFRDR>end 
 CNSsolve> 
 CNSsolve>! Input structure 
 CNSsolve>eval ($file="/home/joao/github/haddock3/examples/recipes/sampling/topology/2oob.pdb") 
 EVALUATE: symbol $FILE set to "/home/joao/github/haddock3/examples/recipes/sampling/topology/2oob.pdb" (string)
 CNSsolve>eval ($ncomponents=2) 
 EVALUATE: symbol $NCOMPONENTS set to    2.00000     (real)
 CNSsolve>eval ($prot_segid_1="A") 
 EVALUATE: symbol $PROT_SEGID_1 set to "A" (string)
 CNSsolve>eval ($prot_segid_2="B") 
 EVALUATE: symbol $PROT_SEGID_2 set to "B" (string)
 CNSsolve>eval ($ambig_fname="") 
 EVALUATE: symbol $AMBIG_FNAME set to "" (string)
 CNSsolve>eval ($unambig_fname="") 
 EVALUATE: symbol $UNAMBIG_FNAME set to "" (string)
 CNSsolve>eval ($hbond_fname="") 
 EVALUATE: symbol $HBOND_FNAME set to "" (string)
 CNSsolve>eval ($dihe_fname="") 
 EVALUATE: symbol $DIHE_FNAME set to "" (string)
 CNSsolve>eval ($tensor_fname="") 
 EVALUATE: symbol $TENSOR_FNAME set to "" (string)
 CNSsolve>eval ($seed=726) 
 EVALUATE: symbol $SEED set to    726.000     (real)
 CNSsolve> 
 CNSsolve>! Output structure 
 CNSsolve>eval ($output_psf_filename= "/home/joao/github/haddock3/examples/recipes/sampling/topology/2oob_haddock.psf") 
 EVALUATE: symbol $OUTPUT_PSF_FILENAME set to "/home/joao/github/haddock3/examples/recipes/sampling/topology/2oob_haddock.psf" (string)
 CNSsolve>eval ($output_pdb_filename= "/home/joao/github/haddock3/examples/recipes/sampling/topology/2oob_haddock.pdb") 
 EVALUATE: symbol $OUTPUT_PDB_FILENAME set to "/home/joao/github/haddock3/examples/recipes/sampling/topology/2oob_haddock.pdb" (string)
 CNSsolve> 
 CNSsolve>! Link file 
 CNSsolve>eval ($link_file = "/home/joao/github/haddock3/src/haddock/data/toppar/protein-allhdg5-4-noter.link" ) 
 EVALUATE: symbol $LINK_FILE set to "/home/joao/github/haddock3/src/haddock/data/toppar/protein-allhdg5-4-noter.link" (string)
 CNSsolve> 
 CNSsolve>! Translation vectors 
 CNSsolve>eval ($trans_vector_0 = "/home/joao/github/haddock3/src/haddock/data/toppar/initial_positions/trans_vector_0" ) 
 EVALUATE: symbol $TRANS_VECTOR_0 set to "/home/joao/github/haddock3/src/haddock/data/toppar/initial_positions/trans_vector_0" (string)
 CNSsolve>eval ($trans_vector_1 = "/home/joao/github/haddock3/src/haddock/data/toppar/initial_positions/trans_vector_1" ) 
 EVALUATE: symbol $TRANS_VECTOR_1 set to "/home/joao/github/haddock3/src/haddock/data/toppar/initial_positions/trans_vector_1" (string)
 CNSsolve>eval ($trans_vector_2 = "/home/joao/github/haddock3/src/haddock/data/toppar/initial_positions/trans_vector_2" ) 
 EVALUATE: symbol $TRANS_VECTOR_2 set to "/home/joao/github/haddock3/src/haddock/data/toppar/initial_positions/trans_vector_2" (string)
 CNSsolve>eval ($trans_vector_3 = "/home/joao/github/haddock3/src/haddock/data/toppar/initial_positions/trans_vector_3" ) 
 EVALUATE: symbol $TRANS_VECTOR_3 set to "/home/joao/github/haddock3/src/haddock/data/toppar/initial_positions/trans_vector_3" (string)
 CNSsolve>eval ($trans_vector_4 = "/home/joao/github/haddock3/src/haddock/data/toppar/initial_positions/trans_vector_4" ) 
 EVALUATE: symbol $TRANS_VECTOR_4 set to "/home/joao/github/haddock3/src/haddock/data/toppar/initial_positions/trans_vector_4" (string)
 CNSsolve>eval ($trans_vector_5 = "/home/joao/github/haddock3/src/haddock/data/toppar/initial_positions/trans_vector_5" ) 
 EVALUATE: symbol $TRANS_VECTOR_5 set to "/home/joao/github/haddock3/src/haddock/data/toppar/initial_positions/trans_vector_5" (string)
 CNSsolve>eval ($trans_vector_6 = "/home/joao/github/haddock3/src/haddock/data/toppar/initial_positions/trans_vector_6" ) 
 EVALUATE: symbol $TRANS_VECTOR_6 set to "/home/joao/github/haddock3/src/haddock/data/toppar/initial_positions/trans_vector_6" (string)
 CNSsolve>eval ($trans_vector_7 = "/home/joao/github/haddock3/src/haddock/data/toppar/initial_positions/trans_vector_7" ) 
 EVALUATE: symbol $TRANS_VECTOR_7 set to "/home/joao/github/haddock3/src/haddock/data/toppar/initial_positions/trans_vector_7" (string)
 CNSsolve>eval ($trans_vector_8 = "/home/joao/github/haddock3/src/haddock/data/toppar/initial_positions/trans_vector_8" ) 
 EVALUATE: symbol $TRANS_VECTOR_8 set to "/home/joao/github/haddock3/src/haddock/data/toppar/initial_positions/trans_vector_8" (string)
 CNSsolve>eval ($trans_vector_9 = "/home/joao/github/haddock3/src/haddock/data/toppar/initial_positions/trans_vector_9" ) 
 EVALUATE: symbol $TRANS_VECTOR_9 set to "/home/joao/github/haddock3/src/haddock/data/toppar/initial_positions/trans_vector_9" (string)
 CNSsolve>eval ($trans_vector_10 = "/home/joao/github/haddock3/src/haddock/data/toppar/initial_positions/trans_vector_10" ) 
 EVALUATE: symbol $TRANS_VECTOR_10 set to "/home/joao/github/haddock3/src/haddock/data/toppar/initial_positions/trans_vector_10" (string)
 CNSsolve>eval ($trans_vector_11 = "/home/joao/github/haddock3/src/haddock/data/toppar/initial_positions/trans_vector_11" ) 
 EVALUATE: symbol $TRANS_VECTOR_11 set to "/home/joao/github/haddock3/src/haddock/data/toppar/initial_positions/trans_vector_11" (string)
 CNSsolve>eval ($trans_vector_12 = "/home/joao/github/haddock3/src/haddock/data/toppar/initial_positions/trans_vector_12" ) 
 EVALUATE: symbol $TRANS_VECTOR_12 set to "/home/joao/github/haddock3/src/haddock/data/toppar/initial_positions/trans_vector_12" (string)
 CNSsolve>eval ($trans_vector_13 = "/home/joao/github/haddock3/src/haddock/data/toppar/initial_positions/trans_vector_13" ) 
 EVALUATE: symbol $TRANS_VECTOR_13 set to "/home/joao/github/haddock3/src/haddock/data/toppar/initial_positions/trans_vector_13" (string)
 CNSsolve>eval ($trans_vector_14 = "/home/joao/github/haddock3/src/haddock/data/toppar/initial_positions/trans_vector_14" ) 
 EVALUATE: symbol $TRANS_VECTOR_14 set to "/home/joao/github/haddock3/src/haddock/data/toppar/initial_positions/trans_vector_14" (string)
 CNSsolve>eval ($trans_vector_15 = "/home/joao/github/haddock3/src/haddock/data/toppar/initial_positions/trans_vector_15" ) 
 EVALUATE: symbol $TRANS_VECTOR_15 set to "/home/joao/github/haddock3/src/haddock/data/toppar/initial_positions/trans_vector_15" (string)
 CNSsolve>eval ($trans_vector_16 = "/home/joao/github/haddock3/src/haddock/data/toppar/initial_positions/trans_vector_16" ) 
 EVALUATE: symbol $TRANS_VECTOR_16 set to "/home/joao/github/haddock3/src/haddock/data/toppar/initial_positions/trans_vector_16" (string)
 CNSsolve>eval ($trans_vector_17 = "/home/joao/github/haddock3/src/haddock/data/toppar/initial_positions/trans_vector_17" ) 
 EVALUATE: symbol $TRANS_VECTOR_17 set to "/home/joao/github/haddock3/src/haddock/data/toppar/initial_positions/trans_vector_17" (string)
 CNSsolve>eval ($trans_vector_18 = "/home/joao/github/haddock3/src/haddock/data/toppar/initial_positions/trans_vector_18" ) 
 EVALUATE: symbol $TRANS_VECTOR_18 set to "/home/joao/github/haddock3/src/haddock/data/toppar/initial_positions/trans_vector_18" (string)
 CNSsolve>eval ($trans_vector_19 = "/home/joao/github/haddock3/src/haddock/data/toppar/initial_positions/trans_vector_19" ) 
 EVALUATE: symbol $TRANS_VECTOR_19 set to "/home/joao/github/haddock3/src/haddock/data/toppar/initial_positions/trans_vector_19" (string)
 CNSsolve>eval ($trans_vector_20 = "/home/joao/github/haddock3/src/haddock/data/toppar/initial_positions/trans_vector_20" ) 
 EVALUATE: symbol $TRANS_VECTOR_20 set to "/home/joao/github/haddock3/src/haddock/data/toppar/initial_positions/trans_vector_20" (string)
 CNSsolve>eval ($trans_vector_21 = "/home/joao/github/haddock3/src/haddock/data/toppar/initial_positions/trans_vector_21" ) 
 EVALUATE: symbol $TRANS_VECTOR_21 set to "/home/joao/github/haddock3/src/haddock/data/toppar/initial_positions/trans_vector_21" (string)
 CNSsolve>eval ($trans_vector_22 = "/home/joao/github/haddock3/src/haddock/data/toppar/initial_positions/trans_vector_22" ) 
 EVALUATE: symbol $TRANS_VECTOR_22 set to "/home/joao/github/haddock3/src/haddock/data/toppar/initial_positions/trans_vector_22" (string)
 CNSsolve>eval ($trans_vector_23 = "/home/joao/github/haddock3/src/haddock/data/toppar/initial_positions/trans_vector_23" ) 
 EVALUATE: symbol $TRANS_VECTOR_23 set to "/home/joao/github/haddock3/src/haddock/data/toppar/initial_positions/trans_vector_23" (string)
 CNSsolve>eval ($trans_vector_24 = "/home/joao/github/haddock3/src/haddock/data/toppar/initial_positions/trans_vector_24" ) 
 EVALUATE: symbol $TRANS_VECTOR_24 set to "/home/joao/github/haddock3/src/haddock/data/toppar/initial_positions/trans_vector_24" (string)
 CNSsolve>eval ($trans_vector_25 = "/home/joao/github/haddock3/src/haddock/data/toppar/initial_positions/trans_vector_25" ) 
 EVALUATE: symbol $TRANS_VECTOR_25 set to "/home/joao/github/haddock3/src/haddock/data/toppar/initial_positions/trans_vector_25" (string)
 CNSsolve>eval ($trans_vector_26 = "/home/joao/github/haddock3/src/haddock/data/toppar/initial_positions/trans_vector_26" ) 
 EVALUATE: symbol $TRANS_VECTOR_26 set to "/home/joao/github/haddock3/src/haddock/data/toppar/initial_positions/trans_vector_26" (string)
 CNSsolve>eval ($trans_vector_27 = "/home/joao/github/haddock3/src/haddock/data/toppar/initial_positions/trans_vector_27" ) 
 EVALUATE: symbol $TRANS_VECTOR_27 set to "/home/joao/github/haddock3/src/haddock/data/toppar/initial_positions/trans_vector_27" (string)
 CNSsolve>eval ($trans_vector_28 = "/home/joao/github/haddock3/src/haddock/data/toppar/initial_positions/trans_vector_28" ) 
 EVALUATE: symbol $TRANS_VECTOR_28 set to "/home/joao/github/haddock3/src/haddock/data/toppar/initial_positions/trans_vector_28" (string)
 CNSsolve>eval ($trans_vector_29 = "/home/joao/github/haddock3/src/haddock/data/toppar/initial_positions/trans_vector_29" ) 
 EVALUATE: symbol $TRANS_VECTOR_29 set to "/home/joao/github/haddock3/src/haddock/data/toppar/initial_positions/trans_vector_29" (string)
 CNSsolve>eval ($trans_vector_30 = "/home/joao/github/haddock3/src/haddock/data/toppar/initial_positions/trans_vector_30" ) 
 EVALUATE: symbol $TRANS_VECTOR_30 set to "/home/joao/github/haddock3/src/haddock/data/toppar/initial_positions/trans_vector_30" (string)
 CNSsolve>eval ($trans_vector_31 = "/home/joao/github/haddock3/src/haddock/data/toppar/initial_positions/trans_vector_31" ) 
 EVALUATE: symbol $TRANS_VECTOR_31 set to "/home/joao/github/haddock3/src/haddock/data/toppar/initial_positions/trans_vector_31" (string)
 CNSsolve>eval ($trans_vector_32 = "/home/joao/github/haddock3/src/haddock/data/toppar/initial_positions/trans_vector_32" ) 
 EVALUATE: symbol $TRANS_VECTOR_32 set to "/home/joao/github/haddock3/src/haddock/data/toppar/initial_positions/trans_vector_32" (string)
 CNSsolve>eval ($trans_vector_33 = "/home/joao/github/haddock3/src/haddock/data/toppar/initial_positions/trans_vector_33" ) 
 EVALUATE: symbol $TRANS_VECTOR_33 set to "/home/joao/github/haddock3/src/haddock/data/toppar/initial_positions/trans_vector_33" (string)
 CNSsolve>eval ($trans_vector_34 = "/home/joao/github/haddock3/src/haddock/data/toppar/initial_positions/trans_vector_34" ) 
 EVALUATE: symbol $TRANS_VECTOR_34 set to "/home/joao/github/haddock3/src/haddock/data/toppar/initial_positions/trans_vector_34" (string)
 CNSsolve>eval ($trans_vector_35 = "/home/joao/github/haddock3/src/haddock/data/toppar/initial_positions/trans_vector_35" ) 
 EVALUATE: symbol $TRANS_VECTOR_35 set to "/home/joao/github/haddock3/src/haddock/data/toppar/initial_positions/trans_vector_35" (string)
 CNSsolve>eval ($trans_vector_36 = "/home/joao/github/haddock3/src/haddock/data/toppar/initial_positions/trans_vector_36" ) 
 EVALUATE: symbol $TRANS_VECTOR_36 set to "/home/joao/github/haddock3/src/haddock/data/toppar/initial_positions/trans_vector_36" (string)
 CNSsolve>eval ($trans_vector_37 = "/home/joao/github/haddock3/src/haddock/data/toppar/initial_positions/trans_vector_37" ) 
 EVALUATE: symbol $TRANS_VECTOR_37 set to "/home/joao/github/haddock3/src/haddock/data/toppar/initial_positions/trans_vector_37" (string)
 CNSsolve>eval ($trans_vector_38 = "/home/joao/github/haddock3/src/haddock/data/toppar/initial_positions/trans_vector_38" ) 
 EVALUATE: symbol $TRANS_VECTOR_38 set to "/home/joao/github/haddock3/src/haddock/data/toppar/initial_positions/trans_vector_38" (string)
 CNSsolve>eval ($trans_vector_39 = "/home/joao/github/haddock3/src/haddock/data/toppar/initial_positions/trans_vector_39" ) 
 EVALUATE: symbol $TRANS_VECTOR_39 set to "/home/joao/github/haddock3/src/haddock/data/toppar/initial_positions/trans_vector_39" (string)
 CNSsolve>eval ($trans_vector_40 = "/home/joao/github/haddock3/src/haddock/data/toppar/initial_positions/trans_vector_40" ) 
 EVALUATE: symbol $TRANS_VECTOR_40 set to "/home/joao/github/haddock3/src/haddock/data/toppar/initial_positions/trans_vector_40" (string)
 CNSsolve>eval ($trans_vector_41 = "/home/joao/github/haddock3/src/haddock/data/toppar/initial_positions/trans_vector_41" ) 
 EVALUATE: symbol $TRANS_VECTOR_41 set to "/home/joao/github/haddock3/src/haddock/data/toppar/initial_positions/trans_vector_41" (string)
 CNSsolve>eval ($trans_vector_42 = "/home/joao/github/haddock3/src/haddock/data/toppar/initial_positions/trans_vector_42" ) 
 EVALUATE: symbol $TRANS_VECTOR_42 set to "/home/joao/github/haddock3/src/haddock/data/toppar/initial_positions/trans_vector_42" (string)
 CNSsolve>eval ($trans_vector_43 = "/home/joao/github/haddock3/src/haddock/data/toppar/initial_positions/trans_vector_43" ) 
 EVALUATE: symbol $TRANS_VECTOR_43 set to "/home/joao/github/haddock3/src/haddock/data/toppar/initial_positions/trans_vector_43" (string)
 CNSsolve>eval ($trans_vector_44 = "/home/joao/github/haddock3/src/haddock/data/toppar/initial_positions/trans_vector_44" ) 
 EVALUATE: symbol $TRANS_VECTOR_44 set to "/home/joao/github/haddock3/src/haddock/data/toppar/initial_positions/trans_vector_44" (string)
 CNSsolve>eval ($trans_vector_45 = "/home/joao/github/haddock3/src/haddock/data/toppar/initial_positions/trans_vector_45" ) 
 EVALUATE: symbol $TRANS_VECTOR_45 set to "/home/joao/github/haddock3/src/haddock/data/toppar/initial_positions/trans_vector_45" (string)
 CNSsolve>eval ($trans_vector_46 = "/home/joao/github/haddock3/src/haddock/data/toppar/initial_positions/trans_vector_46" ) 
 EVALUATE: symbol $TRANS_VECTOR_46 set to "/home/joao/github/haddock3/src/haddock/data/toppar/initial_positions/trans_vector_46" (string)
 CNSsolve>eval ($trans_vector_47 = "/home/joao/github/haddock3/src/haddock/data/toppar/initial_positions/trans_vector_47" ) 
 EVALUATE: symbol $TRANS_VECTOR_47 set to "/home/joao/github/haddock3/src/haddock/data/toppar/initial_positions/trans_vector_47" (string)
 CNSsolve>eval ($trans_vector_48 = "/home/joao/github/haddock3/src/haddock/data/toppar/initial_positions/trans_vector_48" ) 
 EVALUATE: symbol $TRANS_VECTOR_48 set to "/home/joao/github/haddock3/src/haddock/data/toppar/initial_positions/trans_vector_48" (string)
 CNSsolve>eval ($trans_vector_49 = "/home/joao/github/haddock3/src/haddock/data/toppar/initial_positions/trans_vector_49" ) 
 EVALUATE: symbol $TRANS_VECTOR_49 set to "/home/joao/github/haddock3/src/haddock/data/toppar/initial_positions/trans_vector_49" (string)
 CNSsolve>eval ($trans_vector_50 = "/home/joao/github/haddock3/src/haddock/data/toppar/initial_positions/trans_vector_50" ) 
 EVALUATE: symbol $TRANS_VECTOR_50 set to "/home/joao/github/haddock3/src/haddock/data/toppar/initial_positions/trans_vector_50" (string)
 CNSsolve> 
 CNSsolve>! Tensors 
 CNSsolve>eval ($tensor_psf = "/home/joao/github/haddock3/src/haddock/data/toppar/tensor.psf" ) 
 EVALUATE: symbol $TENSOR_PSF set to "/home/joao/github/haddock3/src/haddock/data/toppar/tensor.psf" (string)
 CNSsolve>eval ($tensor_pdb = "/home/joao/github/haddock3/src/haddock/data/toppar/tensor.pdb" ) 
 EVALUATE: symbol $TENSOR_PDB set to "/home/joao/github/haddock3/src/haddock/data/toppar/tensor.pdb" (string)
 CNSsolve>eval ($tensor_para_psf = "/home/joao/github/haddock3/src/haddock/data/toppar/tensor_para.psf" ) 
 EVALUATE: symbol $TENSOR_PARA_PSF set to "/home/joao/github/haddock3/src/haddock/data/toppar/tensor_para.psf" (string)
 CNSsolve>eval ($tensor_para_pdb = "/home/joao/github/haddock3/src/haddock/data/toppar/tensor_para.pdb" ) 
 EVALUATE: symbol $TENSOR_PARA_PDB set to "/home/joao/github/haddock3/src/haddock/data/toppar/tensor_para.pdb" (string)
 CNSsolve>eval ($tensor_dani_psf = "/home/joao/github/haddock3/src/haddock/data/toppar/tensor_dani.psf" ) 
 EVALUATE: symbol $TENSOR_DANI_PSF set to "/home/joao/github/haddock3/src/haddock/data/toppar/tensor_dani.psf" (string)
 CNSsolve>eval ($tensor_dani_pdb = "/home/joao/github/haddock3/src/haddock/data/toppar/tensor_dani.pdb" ) 
 EVALUATE: symbol $TENSOR_DANI_PDB set to "/home/joao/github/haddock3/src/haddock/data/toppar/tensor_dani.pdb" (string)
 CNSsolve> 
 CNSsolve>! Scatter lib 
 CNSsolve>eval ($scatter_lib = "/home/joao/github/haddock3/src/haddock/data/toppar/scatter.lib" ) 
 EVALUATE: symbol $SCATTER_LIB set to "/home/joao/github/haddock3/src/haddock/data/toppar/scatter.lib" (string)
 CNSsolve> 
 CNSsolve>! Axis 
 CNSsolve>eval ($top_axis = "/home/joao/github/haddock3/src/haddock/data/toppar/top_axis.pro" ) 
 EVALUATE: symbol $TOP_AXIS set to "/home/joao/github/haddock3/src/haddock/data/toppar/top_axis.pro" (string)
 CNSsolve>eval ($par_axis = "/home/joao/github/haddock3/src/haddock/data/toppar/par_axis.pro" ) 
 EVALUATE: symbol $PAR_AXIS set to "/home/joao/github/haddock3/src/haddock/data/toppar/par_axis.pro" (string)
 CNSsolve>eval ($top_axis_dani = "/home/joao/github/haddock3/src/haddock/data/toppar/top_axis_dani.pro" ) 
 EVALUATE: symbol $TOP_AXIS_DANI set to "/home/joao/github/haddock3/src/haddock/data/toppar/top_axis_dani.pro" (string)
 CNSsolve> 
 CNSsolve>! Water box 
 CNSsolve>eval ($boxtyp20 = "/home/joao/github/haddock3/src/haddock/data/toppar/boxtyp20.pdb" ) 
 EVALUATE: symbol $BOXTYP20 set to "/home/joao/github/haddock3/src/haddock/data/toppar/boxtyp20.pdb" (string)
 CNSsolve> 
 CNSsolve>!=================================================================! 
 CNSsolve>! Do not change below this line unless you know what you are doing 
 CNSsolve>!=================================================================! 
 CNSsolve> 
 CNSsolve>define( 
 DEFINE>convert=false; 
 DEFINE>separate=true; 
 DEFINE>ile_CD_becomes="CD1"; 
 DEFINE>OT1_becomes="O"; 
 DEFINE>OT2_becomes="OXT"; 
 DEFINE>auto_break=true; 
 DEFINE>pbreak_cutoff=3.5; 
 DEFINE>pcgbreak_cutoff=8.0; 
 DEFINE>dbreak_cutoff=4.5; 
 DEFINE>disulphide_dist=3.0; 
 DEFINE>cyclicpept_dist=1.5; 
 DEFINE>iron1cluster_dist=5.0; 
 DEFINE>iron2cluster_dist=8.0; 
 DEFINE>atom_select=(known and not hydrogen); 
 DEFINE>dna_sele=(none); 
 DEFINE>hydrogen_flag=true; 
 DEFINE>hydrogen_build="all"; 
 DEFINE>atom_build=(not(known)); 
 DEFINE>atom_delete=(none); 
 DEFINE>set_bfactor=true; 
 DEFINE>bfactor=15.0; 
 DEFINE>set_occupancy=true; 
 DEFINE>occupancy=1.0; 
 DEFINE>) 
 CNSsolve> 
 CNSsolve>evaluate ($chain = 1) 
 EVALUATE: symbol $CHAIN set to    1.00000     (real)
 CNSsolve>evaluate($coor_infile= $file) 
 EVALUATE: symbol $COOR_INFILE set to "/home/joao/github/haddock3/examples/recipes/sampling/topology/2oob.pdb" (string)
 CNSsolve> 
 CNSsolve> segment 
 SEGMENT>   chain 
 CHAIN>     if ( &convert = true ) then 
 NEXTCD: condition evaluated as false
 CHAIN>       convert=true 
 CHAIN>     end if 
 CHAIN>     if ( &separate = true ) then 
 NEXTCD: condition evaluated as true
 CHAIN>       separate=true 
 CHAIN>     end if 
 CHAIN>!     if ( &BLANK%nucl_link_infile = false ) then 
 CHAIN>!       @@&nucl_link_infile 
 CHAIN>!     end if 
 CHAIN>!     if ( &BLANK%cofac_link_infile = false ) then 
 CHAIN>!       @@&cofac_link_infile 
 CHAIN>!     end if 
 CHAIN>     @@$link_file 
 ASSFIL: file protein-allhdg5-4-noter.link opened.
 CHAIN>remarks file toppar/protein-allhdg5-4-noter.link 
 CHAIN>remarks 
 CHAIN>remarks this is a macro to define standard protein peptide bonds 
 CHAIN>remarks to generate a protein sequence. 
 CHAIN> 
 CHAIN>!added links for MSE (8-19-2011, ATB) 
 CHAIN>!added links for CFE (6-5-2014, AB) 
 CHAIN> 
 CHAIN>set message ? end eval ($old_message=$result) set echo ? end eval ($old_echo=$result) 
 MESSage=NORM
 EVALUATE: symbol $OLD_MESSAGE set to "NORM" (string)
 ECHO=TRUE {ON}
 EVALUATE: symbol $OLD_ECHO set to TRUE (logical)
 CHAIN>set message=off echo=off end 
 CHAIN> 
 CHAIN>     coordinates @@$coor_infile 
 ASSFIL: file 2oob.pdb opened.
 COOR>ATOM      1  N   LEU A 929      26.117  -5.693  15.769  1.00 29.81      A    N 
 SEGMNT-info: auto chain termination due to different segid.   44 residues were inserted into segid "A   "
 SEGMNT-info: chain termination due to END keyword.    72 residues were inserted into segid "B   "
 CHAIN>   end 
 SEGMENT> end 
 Status of internal molecular topology database:
 -> NATOM=       1876(MAXA=     1000000)  NBOND=       1885(MAXB=     1000000)
 -> NTHETA=      3427(MAXT=     2000000)  NGRP=         116(MAXGRP=   1000000)
 -> NPHI=        2914(MAXP=     2000000)  NIMPHI=       954(MAXIMP=   1000000)
 -> NNB=          894(MAXNB=    1000000) 
 CNSsolve> 
 CNSsolve> coordinates @@$coor_infile 
 ASSFIL: file 2oob.pdb opened.
 COOR>ATOM      1  N   LEU A 929      26.117  -5.693  15.769  1.00 29.81      A    N 
 COOR>ATOM      2  CA  LEU A 929      27.153  -4.857  15.061  1.00 29.93      A    C 
 %READC-WRN: still    952 missing coordinates (in selected subset)
 CNSsolve> 
 CNSsolve> if ( &BLANK%ile_CD_becomes = false ) then 
 NEXTCD: condition evaluated as true
 CNSsolve>   do (name=&ile_CD_becomes) (resn ILE and name CD) 
 SELRPN:      0 atoms have been selected out of   1876
 CNSsolve> end if 
 CNSsolve> if ( &BLANK%OT1_becomes = false ) then 
 NEXTCD: condition evaluated as true
 CNSsolve>   do (name=&OT1_becomes) (name OT1) 
 SELRPN:      0 atoms have been selected out of   1876
 CNSsolve> end if 
 CNSsolve> if ( &BLANK%OT2_becomes = false ) then 
 NEXTCD: condition evaluated as true
 CNSsolve>   do (name=&OT2_becomes) (name OT2) 
 SELRPN:      0 atoms have been selected out of   1876
 CNSsolve> end if 
 CNSsolve> 
 CNSsolve> !for the histidine patches: 
 CNSsolve> if ($autohis = false) then 
 NEXTCD: condition evaluated as false
 CNSsolve>   evaluate($hisd_counter=1) 
 CNSsolve>   while ($hisd_counter le $Toppar.nhisd_$chain) loop hisd 
 CNSsolve>     if ($Toppar.hisd_resid_$chain_$hisd_counter > 0) then 
 CNSsolve>       show (resn) (tag and resid $Toppar.hisd_resid_$chain_$hisd_counter) 
 CNSsolve>       if ($result eq "HIS") then 
 CNSsolve>         patch hisd reference=nil=(resid $Toppar.hisd_resid_$chain_$hisd_counter) end 
 CNSsolve>       end if 
 CNSsolve>     end if 
 CNSsolve>     evaluate($hisd_counter=$hisd_counter + 1) 
 CNSsolve>   end loop hisd 
 CNSsolve> 
 CNSsolve>   evaluate($hise_counter=1) 
 CNSsolve>   while ($hise_counter le $Toppar.nhise_$chain) loop hise 
 CNSsolve>     if ($Toppar.hise_resid_$chain_$hise_counter > 0) then 
 CNSsolve>       show (resn) (tag and resid $Toppar.hise_resid_$chain_$hise_counter) 
 CNSsolve>       if ($result eq "HIS") then 
 CNSsolve>         patch hise reference=nil=(resid $Toppar.hise_resid_$chain_$hise_counter) end 
 CNSsolve>       end if 
 CNSsolve>     end if 
 CNSsolve>     evaluate($hise_counter=$hise_counter + 1) 
 CNSsolve>   end loop hise 
 CNSsolve> end if 
 CNSsolve> 
 CNSsolve>! The following patches would define covalent bond between a CA+2 and oxygen ligands 
 CNSsolve>! from Asp and Glu (first selection is amino-acid, second is ion) 
 CNSsolve>! patch dca2 refe=1=(resid 25) refe=2=(resid 83) end 
 CNSsolve>! patch dca2 refe=1=(resid 29) refe=2=(resid 83) end 
 CNSsolve>! patch dca2 refe=1=(resid 35) refe=2=(resid 83) end 
 CNSsolve>! patch eca2 refe=1=(resid 36) refe=2=(resid 83) end 
 CNSsolve>! 
 CNSsolve>! following patch is to attach a heme (resid YY) CAB atom to a cys (resid XX) 
 CNSsolve>! patch phcb refe=1=(resid XX) refe=2=(resid YY) end 
 CNSsolve>! following patch is to attach a heme (resid YY) CAC atom to a cys (resid XX) 
 CNSsolve>! patch phcc refe=1=(resid XX) refe=2=(resid YY) end 
 CNSsolve>! 
 CNSsolve>! following patch is to define an isopeptide bond between a Cter and a Lys side-chain 
 CNSsolve>! patch clys refe=1=(resid 72) refe=2=(resid 148) end 
 CNSsolve>! 
 CNSsolve>! following patch is to define an isopeptide bond between a Cter and a Lys side-chain 
 CNSsolve>! patch clys refe=1=(resid 72) refe=2=(resid 148) end 
 CNSsolve> 
 CNSsolve> inline @RUN:patch-types-cg.cns 
 ASSFIL: file patch-types-cg.cns opened.
 CNSsolve>! patch-types-cg.cns 
 CNSsolve>! 
 CNSsolve>! *********************************************************************** 
 CNSsolve>! * Copyright 2003-2018 Alexandre Bonvin, Utrecht University.           * 
 CNSsolve>! * Originally adapted from Aria 1.2 from Nilges and Linge, EMBL.       * 
 CNSsolve>! * and from the CNS distriution of Brunger and Adams                   * 
 CNSsolve>! * All rights reserved.                                                * 
 CNSsolve>! * This code is part of the HADDOCK software and governed by its       * 
 CNSsolve>! * license. Please see the LICENSE file that should have been included * 
 CNSsolve>! * as part of this package.                                            * 
 CNSsolve>! *********************************************************************** 
 CNSsolve>! 
 CNSsolve>! encode beads info 
 CNSsolve>evaluate ($bdnum = 0) 
 EVALUATE: symbol $BDNUM set to    0.00000     (real)
 CNSsolve>for $id in id (name BB and (not (resn ALA or resn PRO or resn HYP))) loop cgt1 
 SELRPN:      0 atoms have been selected out of   1876
 CNSsolve>  evaluate ($bdnum = $bdnum + 1) 
 CNSsolve>  show (name) (id $id) 
 CNSsolve>  evaluate ($bdname_$bdnum = $result) 
 CNSsolve>  show (resid) (id $id) 
 CNSsolve>  evaluate ($bdresi_$bdnum = $result) 
 CNSsolve>  show (b) (id $id) 
 CNSsolve>  evaluate ($bfactor_$bdnum = $result) 
 CNSsolve>  evaluate ($ptype= "PTY"+encode($bfactor_$bdnum)) 
 CNSsolve>  patch $ptype refe=NIL=(resid $bdresi_$bdnum) end 
 CNSsolve>end loop cgt1 
 CNSsolve> 
 CNSsolve>! encode beads info for ALA 
 CNSsolve>evaluate ($bdnum = 0) 
 EVALUATE: symbol $BDNUM set to    0.00000     (real)
 CNSsolve>for $id in id (name BB and resn ALA) loop cgt2 
 SELRPN:      0 atoms have been selected out of   1876
 CNSsolve>  evaluate ($bdnum = $bdnum + 1) 
 CNSsolve>  show (name) (id $id) 
 CNSsolve>  evaluate ($bdname_$bdnum = $result) 
 CNSsolve>  show (resid) (id $id) 
 CNSsolve>  evaluate ($bdresi_$bdnum = $result) 
 CNSsolve>  show (b) (id $id) 
 CNSsolve>  evaluate ($bfactor_$bdnum = $result) 
 CNSsolve>  evaluate ($ptype= "PTA"+encode($bfactor_$bdnum)) 
 CNSsolve>  patch $ptype refe=NIL=(resid $bdresi_$bdnum) end 
 CNSsolve>end loop cgt2 
 CNSsolve> 
 CNSsolve>! encode beads info for PRO 
 CNSsolve>evaluate ($bdnum = 0) 
 EVALUATE: symbol $BDNUM set to    0.00000     (real)
 CNSsolve>for $id in id (name BB and resn PRO) loop cgt3 
 SELRPN:      0 atoms have been selected out of   1876
 CNSsolve>  evaluate ($bdnum = $bdnum + 1) 
 CNSsolve>  show (name) (id $id) 
 CNSsolve>  evaluate ($bdname_$bdnum = $result) 
 CNSsolve>  show (resid) (id $id) 
 CNSsolve>  evaluate ($bdresi_$bdnum = $result) 
 CNSsolve>  show (b) (id $id) 
 CNSsolve>  evaluate ($bfactor_$bdnum = $result) 
 CNSsolve>  evaluate ($ptype= "PTP"+encode($bfactor_$bdnum)) 
 CNSsolve>  patch $ptype refe=NIL=(resid $bdresi_$bdnum) end 
 CNSsolve>end loop cgt3 
 CNSsolve> 
 CNSsolve>! encode beads info for HYP 
 CNSsolve>evaluate ($bdnum = 0) 
 EVALUATE: symbol $BDNUM set to    0.00000     (real)
 CNSsolve>for $id in id (name BB and resn HYP) loop cgt4 
 SELRPN:      0 atoms have been selected out of   1876
 CNSsolve>  evaluate ($bdnum = $bdnum + 1) 
 CNSsolve>  show (name) (id $id) 
 CNSsolve>  evaluate ($bdname_$bdnum = $result) 
 CNSsolve>  show (resid) (id $id) 
 CNSsolve>  evaluate ($bdresi_$bdnum = $result) 
 CNSsolve>  show (b) (id $id) 
 CNSsolve>  evaluate ($bfactor_$bdnum = $result) 
 CNSsolve>  evaluate ($ptype= "PTH"+encode($bfactor_$bdnum)) 
 CNSsolve>  patch $ptype refe=NIL=(resid $bdresi_$bdnum) end 
 CNSsolve>end loop cgt4 
 CNSsolve> 
 CNSsolve> inline @RUN:patch-bb-cg.cns 
 ASSFIL: file patch-bb-cg.cns opened.
 CNSsolve>! patch-bb-cg.cns 
 CNSsolve>! 
 CNSsolve>! *********************************************************************** 
 CNSsolve>! * Copyright 2003-2018 Alexandre Bonvin, Utrecht University.           * 
 CNSsolve>! * Originally adapted from Aria 1.2 from Nilges and Linge, EMBL.       * 
 CNSsolve>! * and from the CNS distriution of Brunger and Adams                   * 
 CNSsolve>! * All rights reserved.                                                * 
 CNSsolve>! * This code is part of the HADDOCK software and governed by its       * 
 CNSsolve>! * license. Please see the LICENSE file that should have been included * 
 CNSsolve>! * as part of this package.                                            * 
 CNSsolve>! *********************************************************************** 
 CNSsolve>! 
 CNSsolve>set echo=true end 
 CNSsolve>! define cutoff for chain break 
 CNSsolve>evaluate ($bdbreak = 8.0) 
 EVALUATE: symbol $BDBREAK set to    8.00000     (real)
 CNSsolve> 
 CNSsolve>! encode beads info 
 CNSsolve>evaluate ($bdnum = 0) 
 EVALUATE: symbol $BDNUM set to    0.00000     (real)
 CNSsolve>for $id in id (name BB) loop cg1 
 SELRPN:      0 atoms have been selected out of   1876
 CNSsolve>  evaluate ($bdnum = $bdnum + 1) 
 CNSsolve>  show (name) (id $id) 
 CNSsolve>  evaluate ($bdname_$bdnum = $result) 
 CNSsolve>  show (resid) (id $id) 
 CNSsolve>  evaluate ($bdresi_$bdnum = $result) 
 CNSsolve>  show (name) (bondedto (name $bdname_$bdnum and resid $bdresi_$bdnum)) 
 CNSsolve>  if ($result NE 0) then 
 CNSsolve>    evaluate ($sbdname_$bdnum = $result) 
 CNSsolve>  else 
 CNSsolve>    evaluate ($sbdname_$bdnum = "XXX") 
 CNSsolve>  end if 
 CNSsolve>end loop cg1 
 CNSsolve> 
 CNSsolve> 
 CNSsolve>!!! BBB Angles 
 CNSsolve> 
 CNSsolve>evaluate ($ncount = 0) 
 EVALUATE: symbol $NCOUNT set to    0.00000     (real)
 CNSsolve>evaluate ($nend = $bdnum - 2) 
 EVALUATE: symbol $NEND set to   -2.00000     (real)
 CNSsolve>while ($ncount < $nend) loop cg2 
 NEXTCD: condition evaluated as false
 CNSsolve>  evaluate ($ncount = $ncount + 1) 
 CNSsolve> 
 CNSsolve>! define three consecutive backbone beads 
 CNSsolve>  evaluate ($nat1 = $ncount) 
 CNSsolve>  evaluate ($nat2 = $ncount + 1) 
 CNSsolve>  evaluate ($nat3 = $ncount + 2) 
 CNSsolve> 
 CNSsolve>! get their atom names 
 CNSsolve>  evaluate ($bname1 = $bdname_$nat1) 
 CNSsolve>  evaluate ($bname2 = $bdname_$nat2) 
 CNSsolve>  evaluate ($bname3 = $bdname_$nat3) 
 CNSsolve> 
 CNSsolve>! get their residue number 
 CNSsolve>  evaluate ($bresi1 = $bdresi_$nat1) 
 CNSsolve>  evaluate ($bresi2 = $bdresi_$nat2) 
 CNSsolve>  evaluate ($bresi3 = $bdresi_$nat3) 
 CNSsolve> 
 CNSsolve>! define atom names for patch 
 CNSsolve>  evaluate ($pat1 = "1"+$bname1) 
 CNSsolve>  evaluate ($pat2 = "2"+$bname2) 
 CNSsolve>  evaluate ($pat3 = "3"+$bname3) 
 CNSsolve> 
 CNSsolve>! check for breaks before defining any angle 
 CNSsolve>  evaluate ($break = "FALSE") 
 CNSsolve>  pick bond (name $bname1 and resid $bresi1) (name $bname2 and resid $bresi2) geometry 
 CNSsolve>  if ($result > $bdbreak) then 
 CNSsolve>    evaluate ($break = "TRUE") 
 CNSsolve>  end if 
 CNSsolve>  pick bond (name $bname2 and resid $bresi2) (name $bname3 and resid $bresi3) geometry 
 CNSsolve>  if ($result > $bdbreak) then 
 CNSsolve>    evaluate ($break = "TRUE") 
 CNSsolve>  end if 
 CNSsolve> 
 CNSsolve>  if ($break EQ FALSE) then 
 CNSsolve> 
 CNSsolve>! define new backbone angle patch 
 CNSsolve>    topology 
 CNSsolve>      presidue cgang  ! Patch to add an angle between three beads 
 CNSsolve>        add angle $pat1 $pat2 $pat3 
 CNSsolve>      end 
 CNSsolve>    end 
 CNSsolve> 
 CNSsolve>! apply new patch to the selected three beads 
 CNSsolve>    patch cgang refe=1=(resid $bresi1) refe=2=(resid $bresi2) refe=3=(resid $bresi3) end 
 CNSsolve>    display PATCH-BB-CG: ADDED ONE ANGLE BETWEEN $bname1 $bresi1 , $bname2 $bresi2 , $bname3 $bresi3 
 CNSsolve> 
 CNSsolve>  end if 
 CNSsolve> 
 CNSsolve>end loop cg2 
 CNSsolve> 
 CNSsolve> 
 CNSsolve>!!! BBS Angles 
 CNSsolve>evaluate ($ncount = 0) 
 EVALUATE: symbol $NCOUNT set to    0.00000     (real)
 CNSsolve>evaluate ($nend = $bdnum - 1) 
 EVALUATE: symbol $NEND set to   -1.00000     (real)
 CNSsolve>while ($ncount < $nend) loop cg3 
 NEXTCD: condition evaluated as false
 CNSsolve>  evaluate ($ncount = $ncount + 1) 
 CNSsolve> 
 CNSsolve>!! BBA Angles 
 CNSsolve>! define two consecutive backbone beads 
 CNSsolve>  evaluate ($nat1 = $ncount) 
 CNSsolve>  evaluate ($nat2 = $ncount + 1) 
 CNSsolve> 
 CNSsolve>! get their atom names 
 CNSsolve>  evaluate ($bname1 = $bdname_$nat1) 
 CNSsolve>  evaluate ($bname2 = $bdname_$nat2) 
 CNSsolve> 
 CNSsolve>! get their side-chain beads names 
 CNSsolve>  evaluate ($sbname1 = $sbdname_$nat1) 
 CNSsolve>  evaluate ($sbname2 = $sbdname_$nat2) 
 CNSsolve> 
 CNSsolve>! get their residue number 
 CNSsolve>  evaluate ($bresi1 = $bdresi_$nat1) 
 CNSsolve>  evaluate ($bresi2 = $bdresi_$nat2) 
 CNSsolve> 
 CNSsolve>! define atom names for patch 
 CNSsolve>  evaluate ($pat1 = "1"+$bname1) 
 CNSsolve>  evaluate ($pat2 = "2"+$bname2) 
 CNSsolve>  evaluate ($pas1 = "1"+$sbname1) 
 CNSsolve>  evaluate ($pas2 = "2"+$sbname2) 
 CNSsolve> 
 CNSsolve>! check for breaks before defining any angle 
 CNSsolve>  evaluate ($break = "FALSE") 
 CNSsolve>  evaluate ($pbreak = "FALSE") 
 CNSsolve>  pick bond (name $bname1 and resid $bresi1) (name $bname2 and resid $bresi2) geometry 
 CNSsolve>  if ($result > $bdbreak) then 
 CNSsolve>    evaluate ($break = "TRUE") 
 CNSsolve>    evaluate ($pbreak = "TRUE") 
 CNSsolve>  end if 
 CNSsolve> 
 CNSsolve>  if ($break EQ FALSE) then 
 CNSsolve> 
 CNSsolve>! define new side-chain angle patch for 1st residue 
 CNSsolve>    if ($ncount EQ 1) then 
 CNSsolve>      if ($sbname1 NE "XXX") then 
 CNSsolve>! define SBB angle patch 
 CNSsolve>        topology 
 CNSsolve>          presidue scgang  ! Patch to add an angle between three beads 
 CNSsolve>            add angle $pas1 $pat1 $pat2 
 CNSsolve>          end 
 CNSsolve>        end 
 CNSsolve>! apply new patch to the selected three beads 
 CNSsolve>        patch scgang refe=1=(resid $bresi1) refe=2=(resid $bresi1) refe=3=(resid $bresi2) end 
 CNSsolve>        display PATCH-SBB-CG: ADDED ONE SIDE-CHAIN/BB ANGLE BETWEEN $sbname1 $bresi1 , $bname1 $bresi1 , $bname2 $bresi2 
 CNSsolve>      end if 
 CNSsolve>    end if 
 CNSsolve> 
 CNSsolve>! define new side-chain angle patch for 1st residue after chain break 
 CNSsolve>    if ($pbreak EQ TRUE) then 
 CNSsolve>      if ($sbname1 NE "XXX") then 
 CNSsolve>! define SBB angle patch 
 CNSsolve>        topology 
 CNSsolve>          presidue scgsang  ! Patch to add an angle between three beads 
 CNSsolve>            add angle $pas1 $pat1 $pat2 
 CNSsolve>          end 
 CNSsolve>        end 
 CNSsolve>! apply new patch to the selected three beads 
 CNSsolve>        patch scgsang refe=1=(resid $bresi1) refe=2=(resid $bresi1) refe=3=(resid $bresi2) end 
 CNSsolve>        display PATCH-SBB-CG: ADDED ONE SIDE-CHAIN/BB ANGLE BETWEEN $sbname1 $bresi1 , $bname1 $bresi1 , $bname2 $bresi2 
 CNSsolve>      end if 
 CNSsolve>    end if 
 CNSsolve> 
 CNSsolve>! define BBS angle patch 
 CNSsolve>    if ($sbname2 NE "XXX") then 
 CNSsolve>      topology 
 CNSsolve>        presidue cgsang  ! Patch to add an angle between three beads 
 CNSsolve>          add angle $pat1 $pat2 $pas2 
 CNSsolve>        end 
 CNSsolve>      end 
 CNSsolve>! apply new patch to the selected three beads 
 CNSsolve>      patch cgsang refe=1=(resid $bresi1) refe=2=(resid $bresi2) refe=3=(resid $bresi2) end 
 CNSsolve>      display PATCH-BBS-CG: ADDED ONE BB/SIDE-CHAIN ANGLE BETWEEN $bname1 $bresi1 , $bname2 $bresi2 , $sbname2 $bresi2 
 CNSsolve>    end if 
 CNSsolve> 
 CNSsolve>  end if 
 CNSsolve> 
 CNSsolve>end loop cg3 
 CNSsolve> 
 CNSsolve> 
 CNSsolve>!! BBB dihedral 
 CNSsolve> 
 CNSsolve>evaluate ($ncount = 0) 
 EVALUATE: symbol $NCOUNT set to    0.00000     (real)
 CNSsolve>evaluate ($nend = $bdnum - 3) 
 EVALUATE: symbol $NEND set to   -3.00000     (real)
 CNSsolve>while ($ncount < $nend) loop cg4 
 NEXTCD: condition evaluated as false
 CNSsolve>  evaluate ($ncount = $ncount + 1) 
 CNSsolve> 
 CNSsolve>! define four consecutive beads 
 CNSsolve>  evaluate ($nat1 = $ncount) 
 CNSsolve>  evaluate ($nat2 = $ncount + 1) 
 CNSsolve>  evaluate ($nat3 = $ncount + 2) 
 CNSsolve>  evaluate ($nat4 = $ncount + 3) 
 CNSsolve> 
 CNSsolve>! get their atom names 
 CNSsolve>  evaluate ($bname1 = $bdname_$nat1) 
 CNSsolve>  evaluate ($bname2 = $bdname_$nat2) 
 CNSsolve>  evaluate ($bname3 = $bdname_$nat3) 
 CNSsolve>  evaluate ($bname4 = $bdname_$nat4) 
 CNSsolve> 
 CNSsolve>! get their residue number 
 CNSsolve>  evaluate ($bresi1 = $bdresi_$nat1) 
 CNSsolve>  evaluate ($bresi2 = $bdresi_$nat2) 
 CNSsolve>  evaluate ($bresi3 = $bdresi_$nat3) 
 CNSsolve>  evaluate ($bresi4 = $bdresi_$nat4) 
 CNSsolve> 
 CNSsolve>! define atom names for patch 
 CNSsolve>  evaluate ($pat1 = "1"+$bname1) 
 CNSsolve>  evaluate ($pat2 = "2"+$bname2) 
 CNSsolve>  evaluate ($pat3 = "3"+$bname3) 
 CNSsolve>  evaluate ($pat4 = "4"+$bname4) 
 CNSsolve> 
 CNSsolve>  evaluate ($break = "FALSE") 
 CNSsolve>! check for breaks before defining any dihedral 
 CNSsolve>  pick bond (name $bname1 and resid $bresi1) (name $bname2 and resid $bresi2) geometry 
 CNSsolve>  if ($result > $bdbreak) then 
 CNSsolve>    evaluate ($break = "TRUE") 
 CNSsolve>  end if 
 CNSsolve>  pick bond (name $bname2 and resid $bresi2) (name $bname3 and resid $bresi3) geometry 
 CNSsolve>  if ($result > $bdbreak) then 
 CNSsolve>    evaluate ($break = "TRUE") 
 CNSsolve>  end if 
 CNSsolve>  pick bond (name $bname3 and resid $bresi3) (name $bname4 and resid $bresi4) geometry 
 CNSsolve>  if ($result > $bdbreak) then 
 CNSsolve>    evaluate ($break = "TRUE") 
 CNSsolve>  end if 
 CNSsolve> 
 CNSsolve>  if ($break EQ FALSE) then 
 CNSsolve> 
 CNSsolve>! define new patch 
 CNSsolve>    topology 
 CNSsolve>      presidue cgdihe  ! Patch to add a dihedral angle between four beads 
 CNSsolve>        add dihedral $pat1 $pat2 $pat3 $pat4 
 CNSsolve>      end 
 CNSsolve>    end 
 CNSsolve> 
 CNSsolve>! apply new patch to the selected four beads 
 CNSsolve>    patch cgdihe refe=1=(resid $bresi1) refe=2=(resid $bresi2) refe=3=(resid $bresi3) refe=4=(resid $bresi4) end 
 CNSsolve>    display PATCH-BB-CG: ADDED ONE DIHEDRAL BETWEEN $bname1 $bresi1 , $bname2 $bresi2 , $bname3 $bresi3 , $bname4 $bresi4 
 CNSsolve> 
 CNSsolve>  end if 
 CNSsolve> 
 CNSsolve>end loop cg4 
 CNSsolve> 
 CNSsolve> 
 CNSsolve> 
 CNSsolve> 
 CNSsolve> if ($delenph = true) then 
 NEXTCD: condition evaluated as true
 CNSsolve>   delete sele=(name H* and attr charge = 0) end 
 SELRPN:    740 atoms have been selected out of   1876
 Status of internal molecular topology database:
 -> NATOM=       1136(MAXA=     1000000)  NBOND=       1145(MAXB=     1000000)
 -> NTHETA=      1638(MAXT=     2000000)  NGRP=         116(MAXGRP=   1000000)
 -> NPHI=        2836(MAXP=     2000000)  NIMPHI=       532(MAXIMP=   1000000)
 -> NNB=           42(MAXNB=    1000000) 
 CNSsolve> end if 
 CNSsolve> 
 CNSsolve> evaluate ($nstruc = 1) 
 EVALUATE: symbol $NSTRUC set to    1.00000     (real)
 CNSsolve> 
 CNSsolve> coor init end 
 COOR: selected main coordinates initialized
 CNSsolve> coordinates 
 COOR>   if ( &convert = true ) then 
 NEXTCD: condition evaluated as false
 COOR>     convert=true 
 COOR>   end if 
 COOR>   @@$file 
 ASSFIL: file 2oob.pdb opened.
 COOR>ATOM      1  N   LEU A 929      26.117  -5.693  15.769  1.00 29.81      A    N 
 COOR>ATOM      2  CA  LEU A 929      27.153  -4.857  15.061  1.00 29.93      A    C 
 %READC-WRN: still    212 missing coordinates (in selected subset)
 CNSsolve> 
 CNSsolve> show sum(1) ( not(hydrogen) and not(known) ) 
 SELRPN:      0 atoms have been selected out of   1136
 SHOW: zero atoms selected
 CNSsolve> if ( $select = 0 ) then 
 NEXTCD: condition evaluated as true
 CNSsolve>   display  %INFO: There are no coordinates missing for non-hydrogen atoms 
 %INFO: There are no coordinates missing for non-hydrogen atoms
 CNSsolve> end if 
 CNSsolve> 
 CNSsolve> if ( $log_level = verbose ) then 
 NEXTCD: condition evaluated as false
 CNSsolve>   set message=normal echo=on end 
 CNSsolve> else 
 CNSsolve>   set message=off echo=off end 
 %PARRDR-info: duplication of bond HC   NC2 
 %PARRDR-info: duplication of angle CH2P CH2E HA  
 POWELL: number of degrees of freedom=   636
 NBONDS: generating intra-molecular exclusion list with mode=-2
 MAKINB: mode  -2 found    212 exclusions and      0 interactions(1-4)
 NBONDS: found    19951 intra-atom interactions
 NBONDS: found    18132 intra-atom interactions
 NBONDS: found    18044 intra-atom interactions
 NBONDS: found    18075 intra-atom interactions
 NBONDS: found    18120 intra-atom interactions
 --------------- cycle=    10 ------ stepsize=    0.0005 -----------------------
 | Etotal =23462.377  grad(E)=189.079    E(BOND)=3317.333   E(ANGL)=15603.162  |
 | E(VDW )=4541.882                                                            |
 -------------------------------------------------------------------------------
 NBONDS: found    17868 intra-atom interactions
 NBONDS: found    17827 intra-atom interactions
 NBONDS: found    17831 intra-atom interactions
 --------------- cycle=    20 ------ stepsize=    0.0007 -----------------------
 | Etotal =2759.747   grad(E)=53.043     E(BOND)=530.407    E(ANGL)=1185.836   |
 | E(VDW )=1043.505                                                            |
 -------------------------------------------------------------------------------
 NBONDS: found    17829 intra-atom interactions
 NBONDS: found    17826 intra-atom interactions
 --------------- cycle=    30 ------ stepsize=    0.0003 -----------------------
 | Etotal =1395.731   grad(E)=35.149     E(BOND)=278.417    E(ANGL)=189.453    |
 | E(VDW )=927.861                                                             |
 -------------------------------------------------------------------------------
 --------------- cycle=    40 ------ stepsize=    0.0011 -----------------------
 | Etotal =1259.580   grad(E)=31.164     E(BOND)=269.431    E(ANGL)=106.627    |
 | E(VDW )=883.522                                                             |
 -------------------------------------------------------------------------------
 --------------- cycle=    50 ------ stepsize=    0.0011 -----------------------
 | Etotal =1250.523   grad(E)=30.654     E(BOND)=259.827    E(ANGL)=105.876    |
 | E(VDW )=884.820                                                             |
 -------------------------------------------------------------------------------
 POWELL: STEP number limit. Normal termination
 POWELL: Current coordinates set to last minimum
 DCART: temperature coupling (TCOUpling) enabled
 -------------------------- Cartesian dynamics start ---------------------------
 | E(kin)+E(total)=29395.671       E(kin)=201.218       temperature=318.420    |
 | Etotal =29194.452  grad(E)=254.265    E(BOND)=259.827    E(ANGL)=105.876    |
 | E(IMPR)=28828.749                                                           |
 -------------------------------------------------------------------------------
 ----------------- final step=       50 at      0.02500 ps ---------------------
 | E(kin)+E(total)=13470.054       E(kin)=5185.496      temperature=8205.850   |
 | Etotal =8284.558   grad(E)=103.898    E(BOND)=431.345    E(ANGL)=1676.390   |
 | E(IMPR)=6176.822                                                            |
 -------------------------------------------------------------------------------
 CENMAS: Information about center of free masses
         position [A]          :     13.04158     -1.82238     21.86937
         velocity [A/ps]       :     -0.56166     -0.82771      0.82603
         ang. mom. [amu A/ps]  :  68875.23059   3396.74730 -21383.96421
         kin. ener. [Kcal/mol] :      8.52709
 POWELL: number of degrees of freedom=   636
 NBONDS: found    17804 intra-atom interactions
 NBONDS: found    17765 intra-atom interactions
 --------------- cycle=    10 ------ stepsize=    0.0003 -----------------------
 | Etotal =5594.251   grad(E)=38.581     E(BOND)=356.628    E(ANGL)=866.655    |
 | E(IMPR)=3370.929   E(VDW )=1000.040                                         |
 -------------------------------------------------------------------------------
 --------------- cycle=    20 ------ stepsize=    0.0004 -----------------------
 | Etotal =5262.785   grad(E)=31.237     E(BOND)=329.855    E(ANGL)=873.166    |
 | E(IMPR)=3136.550   E(VDW )=923.214                                          |
 -------------------------------------------------------------------------------
 --------------- cycle=    30 ------ stepsize=    0.0002 -----------------------
 | Etotal =5259.400   grad(E)=31.094     E(BOND)=328.578    E(ANGL)=889.458    |
 | E(IMPR)=3118.304   E(VDW )=923.060                                          |
 -------------------------------------------------------------------------------
 --------------- cycle=    40 ------ stepsize=    0.0005 -----------------------
 | Etotal =5259.181   grad(E)=31.098     E(BOND)=326.849    E(ANGL)=878.102    |
 | E(IMPR)=3132.028   E(VDW )=922.202                                          |
 -------------------------------------------------------------------------------
 --------------- cycle=    50 ------ stepsize=   -0.0001 -----------------------
 | Etotal =5259.133   grad(E)=31.100     E(BOND)=326.755    E(ANGL)=876.983    |
 | E(IMPR)=3133.167   E(VDW )=922.228                                          |
 -------------------------------------------------------------------------------
 POWELL: STEP number limit. Normal termination
 POWELL: Current coordinates set to last minimum
 DCART: temperature coupling (TCOUpling) enabled
 -------------------------- Cartesian dynamics start ---------------------------
 | E(kin)+E(total)=5437.189        E(kin)=178.056       temperature=281.767    |
 | Etotal =5259.133   grad(E)=31.100     E(BOND)=326.755    E(ANGL)=876.983    |
 | E(IMPR)=3133.167   E(VDW )=922.228                                          |
 -------------------------------------------------------------------------------
 ----------------- final step=       50 at      0.02500 ps ---------------------
 | E(kin)+E(total)=5596.322        E(kin)=188.525       temperature=298.334    |
 | Etotal =5407.797   grad(E)=36.739     E(BOND)=341.341    E(ANGL)=911.841    |
 | E(IMPR)=3205.271   E(VDW )=949.345                                          |
 -------------------------------------------------------------------------------
 CENMAS: Information about center of free masses
         position [A]          :     13.04714     -1.83329     21.87606
         velocity [A/ps]       :      0.13205     -0.51511      0.37926
         ang. mom. [amu A/ps]  :  -7249.52897  -8696.99233   1761.60777
         kin. ener. [Kcal/mol] :      2.16161
 %PARRDR-info: duplication of bond HC   NC2 
 %PARRDR-info: duplication of angle CH2P CH2E HA  
 POWELL: number of degrees of freedom=   636
 NBONDS: generating intra-molecular exclusion list with mode=-3
 MAKINB: mode  -3 found    597 exclusions and      0 interactions(1-4)
 NBONDS: found    17396 intra-atom interactions
 NBONDS: found    17423 intra-atom interactions
 --------------- cycle=    25 ------ stepsize=    0.0002 -----------------------
 | Etotal =3840.007   grad(E)=31.251     E(BOND)=609.649    E(ANGL)=1245.662   |
 | E(IMPR)=1984.665   E(VDW )=0.032                                            |
 -------------------------------------------------------------------------------
 NBONDS: found    17437 intra-atom interactions
 NBONDS: found    17436 intra-atom interactions
 NBONDS: found    17417 intra-atom interactions
 --------------- cycle=    50 ------ stepsize=   -0.0001 -----------------------
 | Etotal =528.107    grad(E)=30.112     E(BOND)=49.881     E(ANGL)=477.438    |
 | E(IMPR)=0.788      E(VDW )=0.000                                            |
 -------------------------------------------------------------------------------
 NBONDS: found    17394 intra-atom interactions
 --------------- cycle=    75 ------ stepsize=    0.0005 -----------------------
 | Etotal =33.442     grad(E)=4.735      E(BOND)=0.003      E(ANGL)=33.409     |
 | E(IMPR)=0.030      E(VDW )=0.000                                            |
 -------------------------------------------------------------------------------
 POWELL: Gradient converged. Normal termination
 POWELL: Current coordinates set to last minimum
 DCART: temperature coupling (TCOUpling) enabled
 -------------------------- Cartesian dynamics start ---------------------------
 | E(kin)+E(total)=240.967         E(kin)=207.525       temperature=328.400    |
 | Etotal =33.442     grad(E)=4.735      E(BOND)=0.003      E(ANGL)=33.409     |
 | E(IMPR)=0.030      E(VDW )=0.000                                            |
 -------------------------------------------------------------------------------
 NBONDS: found    17379 intra-atom interactions
 NBONDS: found    17333 intra-atom interactions
 NBONDS: found    17315 intra-atom interactions
 NBONDS: found    17322 intra-atom interactions
 ----------------- final step=      500 at      0.25000 ps ---------------------
 | E(kin)+E(total)=333.275         E(kin)=195.598       temperature=309.527    |
 | Etotal =137.676    grad(E)=18.986     E(BOND)=20.730     E(ANGL)=67.457     |
 | E(IMPR)=49.490     E(VDW )=0.000                                            |
 -------------------------------------------------------------------------------
 CENMAS: Information about center of free masses
         position [A]          :     13.05204     -1.85889     21.89246
         velocity [A/ps]       :     -0.25088     -0.09347     -0.46247
         ang. mom. [amu A/ps]  :   4286.22907  -2116.30279  -2100.37355
         kin. ener. [Kcal/mol] :      1.44689
 EFLAGS: the following energy flags are set
 EFLAGS: BOND ANGL DIHE IMPR VDW 
 %PARRDR-info: duplication of bond HC   NC2 
 %PARRDR-info: duplication of angle CH2P CH2E HA  
 POWELL: number of degrees of freedom=   636
 NBONDS: generating intra-molecular exclusion list with mode=-3
 MAKINB: mode  -3 found    597 exclusions and      0 interactions(1-4)
 NBONDS: found    17332 intra-atom interactions
 NBONDS: found    17297 intra-atom interactions
 --------------- cycle=    50 ------ stepsize=   -0.0001 -----------------------
 | Etotal =37.541     grad(E)=4.752      E(BOND)=0.010      E(ANGL)=33.448     |
 | E(DIHE)=4.023      E(IMPR)=0.058      E(VDW )=0.003                         |
 -------------------------------------------------------------------------------
 --------------- cycle=   100 ------ stepsize=    0.0001 -----------------------
 | Etotal =34.025     grad(E)=4.743      E(BOND)=0.005      E(ANGL)=33.424     |
 | E(DIHE)=0.538      E(IMPR)=0.056      E(VDW )=0.003                         |
 -------------------------------------------------------------------------------
 --------------- cycle=   150 ------ stepsize=    0.0003 -----------------------
 | Etotal =33.472     grad(E)=4.735      E(BOND)=0.003      E(ANGL)=33.410     |
 | E(DIHE)=0.026      E(IMPR)=0.030      E(VDW )=0.003                         |
 -------------------------------------------------------------------------------
 --------------- cycle=   200 ------ stepsize=   -0.0003 -----------------------
 | Etotal =33.445     grad(E)=4.735      E(BOND)=0.003      E(ANGL)=33.409     |
 | E(DIHE)=0.000      E(IMPR)=0.030      E(VDW )=0.003                         |
 -------------------------------------------------------------------------------
 --------------- cycle=   250 ------ stepsize=    0.0003 -----------------------
 | Etotal =33.445     grad(E)=4.735      E(BOND)=0.003      E(ANGL)=33.409     |
 | E(DIHE)=0.000      E(IMPR)=0.030      E(VDW )=0.003                         |
 -------------------------------------------------------------------------------
 POWELL: Gradient converged. Normal termination
 POWELL: Current coordinates set to last minimum
 DCART: temperature coupling (TCOUpling) enabled
 -------------------------- Cartesian dynamics start ---------------------------
 | E(kin)+E(total)=240.019         E(kin)=206.574       temperature=326.896    |
 | Etotal =33.445     grad(E)=4.735      E(BOND)=0.003      E(ANGL)=33.409     |
 | E(DIHE)=0.000      E(IMPR)=0.030      E(VDW )=0.003      E(ELEC)=0.000      |
 -------------------------------------------------------------------------------
 NBONDS: found    17315 intra-atom interactions
 NBONDS: found    17292 intra-atom interactions
 NBONDS: found    17295 intra-atom interactions
 NBONDS: found    17306 intra-atom interactions
 NBONDS: found    17304 intra-atom interactions
 NBONDS: found    17331 intra-atom interactions
 NBONDS: found    17353 intra-atom interactions
 NBONDS: found    17357 intra-atom interactions
 NBONDS: found    17346 intra-atom interactions
 NBONDS: found    17349 intra-atom interactions
 NBONDS: found    17343 intra-atom interactions
 NBONDS: found    17325 intra-atom interactions
 NBONDS: found    17343 intra-atom interactions
 NBONDS: found    17367 intra-atom interactions
 NBONDS: found    17368 intra-atom interactions
 NBONDS: found    17354 intra-atom interactions
 NBONDS: found    17320 intra-atom interactions
 NBONDS: found    17292 intra-atom interactions
 NBONDS: found    17283 intra-atom interactions
 NBONDS: found    17286 intra-atom interactions
 ----------------- final step=      500 at      0.25000 ps ---------------------
 | E(kin)+E(total)=378.920         E(kin)=176.032       temperature=278.564    |
 | Etotal =202.888    grad(E)=23.399     E(BOND)=19.812     E(ANGL)=113.412    |
 | E(DIHE)=3.422      E(IMPR)=66.242     E(VDW )=0.000      E(ELEC)=0.000      |
 -------------------------------------------------------------------------------
 CENMAS: Information about center of free masses
         position [A]          :     13.06135     -1.85479     21.88308
         velocity [A/ps]       :      1.80980     -1.01618     -0.91151
         ang. mom. [amu A/ps]  :  -3341.67007    514.99082  -1825.76054
         kin. ener. [Kcal/mol] :      1.31232
 POWELL: number of degrees of freedom=   636
 --------------- cycle=    50 ------ stepsize=    0.0007 -----------------------
 | Etotal =34.197     grad(E)=4.771      E(BOND)=0.009      E(ANGL)=33.457     |
 | E(DIHE)=0.559      E(IMPR)=0.168      E(VDW )=0.003      E(ELEC)=0.000      |
 -------------------------------------------------------------------------------
 --------------- cycle=   100 ------ stepsize=    0.0010 -----------------------
 | Etotal =33.448     grad(E)=4.735      E(BOND)=0.003      E(ANGL)=33.409     |
 | E(DIHE)=0.001      E(IMPR)=0.031      E(VDW )=0.003      E(ELEC)=0.000      |
 -------------------------------------------------------------------------------
 --------------- cycle=   150 ------ stepsize=    0.0005 -----------------------
 | Etotal =33.445     grad(E)=4.735      E(BOND)=0.003      E(ANGL)=33.409     |
 | E(DIHE)=0.000      E(IMPR)=0.030      E(VDW )=0.003      E(ELEC)=0.000      |
 -------------------------------------------------------------------------------
 POWELL: Gradient converged. Normal termination
 POWELL: Current coordinates set to last minimum
 (atom-i        |atom-j        )    dist.   equil.   delta    energy   const. 

 Number of violations greater    0.020:     0
 RMS deviation=   0.000
 (atom-i        |atom-j        |atom-k        )  angle    equil.     delta    energy  const. 

 (A    931  HN  |A    931  N   |A    931  CA  )  124.330  119.237    5.093    3.951  500.000
 (A    930  C   |A    931  N   |A    931  HN  )  124.342  119.249    5.093    3.951  500.000
 Number of violations greater    5.000:     2
 RMS deviation=   0.755
 Total number of dihedral angle restraints=     0
  overall scale =    1.0000
 Number of dihedral angle restraints=    0
 Number of violations greater than    5.000:     0
 RMS deviation=   0.000
 --------------- cycle=     1 --------------------------------------------------
 | Etotal =33.445     grad(E)=4.735      E(BOND)=0.003      E(ANGL)=33.409     |
 | E(DIHE)=0.000      E(IMPR)=0.030      E(VDW )=0.003      E(ELEC)=0.000      |
 | E(CDIH)=0.000      E(NOE )=0.000                                            |
 -------------------------------------------------------------------------------
 Total number of dihedral angle restraints=     0
  overall scale =    1.0000
 Number of dihedral angle restraints=    0
 Number of violations greater than    5.000:     0
 RMS deviation=   0.000
 (atom-i        |atom-j        )    dist.   equil.   delta    energy   const. 

 Number of violations greater    0.020:     0
 RMS deviation=   0.000
 (atom-i        |atom-j        |atom-k        )  angle    equil.     delta    energy  const. 

 (A    931  HN  |A    931  N   |A    931  CA  )  124.330  119.237    5.093    3.951  500.000
 (A    930  C   |A    931  N   |A    931  HN  )  124.342  119.249    5.093    3.951  500.000
 Number of violations greater    5.000:     2
 RMS deviation=   0.755
 %POWELL-ERR: all atoms fixed. No action
 SCRATC-warning: Pairs of Interacting Groups erased.
 %PARRDR-info: duplication of bond HC   NC2 
 %PARRDR-info: duplication of angle CH2P CH2E HA  
 POWELL: number of degrees of freedom=   636
 NBONDS: generating intra-molecular exclusion list with mode=-2
 MAKINB: mode  -2 found    212 exclusions and      0 interactions(1-4)
 NBONDS: found    19568 intra-atom interactions
 NBONDS: found    18156 intra-atom interactions
 NBONDS: found    17737 intra-atom interactions
 NBONDS: found    17970 intra-atom interactions
 NBONDS: found    17995 intra-atom interactions
 --------------- cycle=    10 ------ stepsize=    0.0005 -----------------------
 | Etotal =21182.258  grad(E)=183.246    E(BOND)=3186.397   E(ANGL)=13835.869  |
 | E(VDW )=4159.992                                                            |
 -------------------------------------------------------------------------------
 NBONDS: found    17982 intra-atom interactions
 NBONDS: found    17866 intra-atom interactions
 NBONDS: found    17841 intra-atom interactions
 --------------- cycle=    20 ------ stepsize=    0.0006 -----------------------
 | Etotal =1612.691   grad(E)=41.979     E(BOND)=425.494    E(ANGL)=253.170    |
 | E(VDW )=934.027                                                             |
 -------------------------------------------------------------------------------
 NBONDS: found    17833 intra-atom interactions
 --------------- cycle=    30 ------ stepsize=    0.0010 -----------------------
 | Etotal =1288.813   grad(E)=31.981     E(BOND)=281.061    E(ANGL)=109.321    |
 | E(VDW )=898.432                                                             |
 -------------------------------------------------------------------------------
 --------------- cycle=    40 ------ stepsize=    0.0011 -----------------------
 | Etotal =1256.099   grad(E)=30.877     E(BOND)=258.875    E(ANGL)=108.215    |
 | E(VDW )=889.010                                                             |
 -------------------------------------------------------------------------------
 --------------- cycle=    50 ------ stepsize=    0.0011 -----------------------
 | Etotal =1250.922   grad(E)=30.583     E(BOND)=255.450    E(ANGL)=107.302    |
 | E(VDW )=888.170                                                             |
 -------------------------------------------------------------------------------
 POWELL: STEP number limit. Normal termination
 POWELL: Current coordinates set to last minimum
 DCART: temperature coupling (TCOUpling) enabled
 -------------------------- Cartesian dynamics start ---------------------------
 | E(kin)+E(total)=37550.992       E(kin)=185.333       temperature=293.282    |
 | Etotal =37365.659  grad(E)=247.896    E(BOND)=255.450    E(ANGL)=107.302    |
 | E(IMPR)=37002.907                                                           |
 -------------------------------------------------------------------------------
 ----------------- final step=       50 at      0.02500 ps ---------------------
 | E(kin)+E(total)=21448.890       E(kin)=5423.265      temperature=8582.111   |
 | Etotal =16025.624  grad(E)=100.229    E(BOND)=456.124    E(ANGL)=3158.125   |
 | E(IMPR)=12411.376                                                           |
 -------------------------------------------------------------------------------
 CENMAS: Information about center of free masses
         position [A]          :     13.05621     -1.86338     21.85872
         velocity [A/ps]       :     -0.19992     -0.92929      1.38560
         ang. mom. [amu A/ps]  :  29828.90568 -36811.21804 -28581.83765
         kin. ener. [Kcal/mol] :     14.30614
 POWELL: number of degrees of freedom=   636
 NBONDS: found    17824 intra-atom interactions
 NBONDS: found    17771 intra-atom interactions
 --------------- cycle=    10 ------ stepsize=    0.0003 -----------------------
 | Etotal =13410.802  grad(E)=40.256     E(BOND)=441.001    E(ANGL)=3341.721   |
 | E(IMPR)=8519.029   E(VDW )=1109.051                                         |
 -------------------------------------------------------------------------------
 NBONDS: found    17774 intra-atom interactions
 --------------- cycle=    20 ------ stepsize=    0.0005 -----------------------
 | Etotal =10200.913  grad(E)=47.009     E(BOND)=432.966    E(ANGL)=2426.366   |
 | E(IMPR)=6267.347   E(VDW )=1074.235                                         |
 -------------------------------------------------------------------------------
 NBONDS: found    17799 intra-atom interactions
 --------------- cycle=    30 ------ stepsize=    0.0005 -----------------------
 | Etotal =9270.490   grad(E)=31.755     E(BOND)=402.500    E(ANGL)=1802.761   |
 | E(IMPR)=6099.314   E(VDW )=965.915                                          |
 -------------------------------------------------------------------------------
 NBONDS: found    17781 intra-atom interactions
 --------------- cycle=    40 ------ stepsize=    0.0001 -----------------------
 | Etotal =9139.273   grad(E)=47.188     E(BOND)=716.785    E(ANGL)=2396.943   |
 | E(IMPR)=5055.063   E(VDW )=970.481                                          |
 -------------------------------------------------------------------------------
 NBONDS: found    17758 intra-atom interactions
 --------------- cycle=    50 ------ stepsize=    0.0005 -----------------------
 | Etotal =7436.057   grad(E)=37.447     E(BOND)=387.762    E(ANGL)=1383.233   |
 | E(IMPR)=4713.902   E(VDW )=951.160                                          |
 -------------------------------------------------------------------------------
 POWELL: STEP number limit. Normal termination
 POWELL: Current coordinates set to last minimum
 DCART: temperature coupling (TCOUpling) enabled
 -------------------------- Cartesian dynamics start ---------------------------
 | E(kin)+E(total)=7630.960        E(kin)=194.903       temperature=308.426    |
 | Etotal =7436.057   grad(E)=37.447     E(BOND)=387.762    E(ANGL)=1383.233   |
 | E(IMPR)=4713.902   E(VDW )=951.160                                          |
 -------------------------------------------------------------------------------
 ----------------- final step=       50 at      0.02500 ps ---------------------
 | E(kin)+E(total)=7658.368        E(kin)=164.972       temperature=261.061    |
 | Etotal =7493.397   grad(E)=41.551     E(BOND)=400.383    E(ANGL)=1370.979   |
 | E(IMPR)=4758.020   E(VDW )=964.014                                          |
 -------------------------------------------------------------------------------
 CENMAS: Information about center of free masses
         position [A]          :     13.06173     -1.84875     21.88368
         velocity [A/ps]       :      0.57072      0.15875      0.22257
         ang. mom. [amu A/ps]  : -11466.06196   8888.59767   5541.90765
         kin. ener. [Kcal/mol] :      2.02911
 %PARRDR-info: duplication of bond HC   NC2 
 %PARRDR-info: duplication of angle CH2P CH2E HA  
 POWELL: number of degrees of freedom=   636
 NBONDS: generating intra-molecular exclusion list with mode=-3
 MAKINB: mode  -3 found    597 exclusions and      0 interactions(1-4)
 NBONDS: found    17410 intra-atom interactions
 NBONDS: found    17407 intra-atom interactions
 --------------- cycle=    25 ------ stepsize=    0.0001 -----------------------
 | Etotal =5862.594   grad(E)=23.885     E(BOND)=417.072    E(ANGL)=1491.020   |
 | E(IMPR)=3954.502   E(VDW )=0.000                                            |
 -------------------------------------------------------------------------------
 NBONDS: found    17387 intra-atom interactions
 NBONDS: found    17391 intra-atom interactions
 NBONDS: found    17374 intra-atom interactions
 NBONDS: found    17385 intra-atom interactions
 --------------- cycle=    50 ------ stepsize=    0.0007 -----------------------
 | Etotal =200.211    grad(E)=18.984     E(BOND)=12.530     E(ANGL)=184.650    |
 | E(IMPR)=3.031      E(VDW )=0.000                                            |
 -------------------------------------------------------------------------------
 NBONDS: found    17396 intra-atom interactions
 --------------- cycle=    75 ------ stepsize=    0.0003 -----------------------
 | Etotal =33.442     grad(E)=4.735      E(BOND)=0.003      E(ANGL)=33.409     |
 | E(IMPR)=0.030      E(VDW )=0.000                                            |
 -------------------------------------------------------------------------------
 POWELL: Gradient converged. Normal termination
 POWELL: Current coordinates set to last minimum
 DCART: temperature coupling (TCOUpling) enabled
 -------------------------- Cartesian dynamics start ---------------------------
 | E(kin)+E(total)=225.618         E(kin)=192.176       temperature=304.111    |
 | Etotal =33.442     grad(E)=4.735      E(BOND)=0.003      E(ANGL)=33.409     |
 | E(IMPR)=0.030      E(VDW )=0.000                                            |
 -------------------------------------------------------------------------------
 NBONDS: found    17380 intra-atom interactions
 NBONDS: found    17361 intra-atom interactions
 NBONDS: found    17348 intra-atom interactions
 NBONDS: found    17340 intra-atom interactions
 ----------------- final step=      500 at      0.25000 ps ---------------------
 | E(kin)+E(total)=345.900         E(kin)=197.708       temperature=312.865    |
 | Etotal =148.193    grad(E)=18.731     E(BOND)=20.040     E(ANGL)=75.303     |
 | E(IMPR)=52.850     E(VDW )=0.000                                            |
 -------------------------------------------------------------------------------
 CENMAS: Information about center of free masses
         position [A]          :     13.05007     -1.85053     21.89068
         velocity [A/ps]       :      0.28021     -0.11442      0.07855
         ang. mom. [amu A/ps]  :   1158.76011   8466.06907  -2110.40780
         kin. ener. [Kcal/mol] :      0.49544
 EFLAGS: the following energy flags are set
 EFLAGS: BOND ANGL DIHE IMPR VDW 
 %PARRDR-info: duplication of bond HC   NC2 
 %PARRDR-info: duplication of angle CH2P CH2E HA  
 POWELL: number of degrees of freedom=   636
 NBONDS: generating intra-molecular exclusion list with mode=-3
 MAKINB: mode  -3 found    597 exclusions and      0 interactions(1-4)
 NBONDS: found    17343 intra-atom interactions
 NBONDS: found    17332 intra-atom interactions
 --------------- cycle=    50 ------ stepsize=    0.0005 -----------------------
 | Etotal =42.647     grad(E)=4.744      E(BOND)=0.039      E(ANGL)=33.428     |
 | E(DIHE)=8.349      E(IMPR)=0.047      E(VDW )=0.784                         |
 -------------------------------------------------------------------------------
 --------------- cycle=   100 ------ stepsize=    0.0011 -----------------------
 | Etotal =39.734     grad(E)=4.741      E(BOND)=0.004      E(ANGL)=33.416     |
 | E(DIHE)=6.274      E(IMPR)=0.038      E(VDW )=0.003                         |
 -------------------------------------------------------------------------------
 --------------- cycle=   150 ------ stepsize=    0.0009 -----------------------
 | Etotal =37.570     grad(E)=4.743      E(BOND)=0.034      E(ANGL)=33.417     |
 | E(DIHE)=2.549      E(IMPR)=0.099      E(VDW )=1.470                         |
 -------------------------------------------------------------------------------
 NBONDS: found    17317 intra-atom interactions
 --------------- cycle=   200 ------ stepsize=    0.0009 -----------------------
 | Etotal =35.192     grad(E)=4.743      E(BOND)=0.010      E(ANGL)=33.396     |
 | E(DIHE)=1.369      E(IMPR)=0.112      E(VDW )=0.304                         |
 -------------------------------------------------------------------------------
 --------------- cycle=   250 ------ stepsize=    0.0013 -----------------------
 | Etotal =34.573     grad(E)=4.732      E(BOND)=0.008      E(ANGL)=33.411     |
 | E(DIHE)=0.777      E(IMPR)=0.030      E(VDW )=0.348                         |
 -------------------------------------------------------------------------------
 --------------- cycle=   300 ------ stepsize=    0.0007 -----------------------
 | Etotal =34.569     grad(E)=4.732      E(BOND)=0.009      E(ANGL)=33.410     |
 | E(DIHE)=0.745      E(IMPR)=0.030      E(VDW )=0.375                         |
 -------------------------------------------------------------------------------
 POWELL: Gradient converged. Normal termination
 POWELL: Current coordinates set to last minimum
 DCART: temperature coupling (TCOUpling) enabled
 -------------------------- Cartesian dynamics start ---------------------------
 | E(kin)+E(total)=226.556         E(kin)=191.986       temperature=303.811    |
 | Etotal =34.569     grad(E)=4.732      E(BOND)=0.009      E(ANGL)=33.410     |
 | E(DIHE)=0.746      E(IMPR)=0.030      E(VDW )=0.374      E(ELEC)=0.000      |
 -------------------------------------------------------------------------------
 NBONDS: found    17340 intra-atom interactions
 NBONDS: found    17353 intra-atom interactions
 NBONDS: found    17365 intra-atom interactions
 NBONDS: found    17361 intra-atom interactions
 NBONDS: found    17368 intra-atom interactions
 NBONDS: found    17352 intra-atom interactions
 NBONDS: found    17384 intra-atom interactions
 NBONDS: found    17425 intra-atom interactions
 NBONDS: found    17384 intra-atom interactions
 NBONDS: found    17381 intra-atom interactions
 NBONDS: found    17411 intra-atom interactions
 NBONDS: found    17389 intra-atom interactions
 NBONDS: found    17404 intra-atom interactions
 NBONDS: found    17424 intra-atom interactions
 NBONDS: found    17406 intra-atom interactions
 NBONDS: found    17416 intra-atom interactions
 NBONDS: found    17399 intra-atom interactions
 NBONDS: found    17416 intra-atom interactions
 NBONDS: found    17418 intra-atom interactions
 NBONDS: found    17401 intra-atom interactions
 NBONDS: found    17385 intra-atom interactions
 NBONDS: found    17362 intra-atom interactions
 ----------------- final step=      500 at      0.25000 ps ---------------------
 | E(kin)+E(total)=370.632         E(kin)=175.368       temperature=277.514    |
 | Etotal =195.264    grad(E)=21.718     E(BOND)=26.064     E(ANGL)=110.974    |
 | E(DIHE)=6.193      E(IMPR)=51.947     E(VDW )=0.085      E(ELEC)=0.000      |
 -------------------------------------------------------------------------------
 CENMAS: Information about center of free masses
         position [A]          :     13.06707     -1.85860     21.87941
         velocity [A/ps]       :      1.33542      1.89759      0.89713
         ang. mom. [amu A/ps]  :  -1633.21312   -173.38833    630.10642
         kin. ener. [Kcal/mol] :      1.58051
 POWELL: number of degrees of freedom=   636
 --------------- cycle=    50 ------ stepsize=    0.0008 -----------------------
 | Etotal =37.578     grad(E)=4.744      E(BOND)=0.026      E(ANGL)=33.431     |
 | E(DIHE)=2.637      E(IMPR)=0.065      E(VDW )=1.419      E(ELEC)=0.000      |
 -------------------------------------------------------------------------------
 --------------- cycle=   100 ------ stepsize=    0.0011 -----------------------
 | Etotal =36.507     grad(E)=4.738      E(BOND)=0.010      E(ANGL)=33.414     |
 | E(DIHE)=2.767      E(IMPR)=0.052      E(VDW )=0.265      E(ELEC)=0.000      |
 -------------------------------------------------------------------------------
 NBONDS: found    17354 intra-atom interactions
 --------------- cycle=   150 ------ stepsize=    0.0001 -----------------------
 | Etotal =34.828     grad(E)=4.736      E(BOND)=0.012      E(ANGL)=33.418     |
 | E(DIHE)=0.804      E(IMPR)=0.034      E(VDW )=0.561      E(ELEC)=0.000      |
 -------------------------------------------------------------------------------
 --------------- cycle=   200 ------ stepsize=   -0.0000 -----------------------
 | Etotal =34.594     grad(E)=4.732      E(BOND)=0.007      E(ANGL)=33.410     |
 | E(DIHE)=0.875      E(IMPR)=0.031      E(VDW )=0.270      E(ELEC)=0.000      |
 -------------------------------------------------------------------------------
 --------------- cycle=   250 ------ stepsize=   -0.0003 -----------------------
 | Etotal =34.570     grad(E)=4.732      E(BOND)=0.009      E(ANGL)=33.410     |
 | E(DIHE)=0.738      E(IMPR)=0.030      E(VDW )=0.382      E(ELEC)=0.000      |
 -------------------------------------------------------------------------------
 --------------- cycle=   300 ------ stepsize=   -0.0001 -----------------------
 | Etotal =34.569     grad(E)=4.732      E(BOND)=0.009      E(ANGL)=33.410     |
 | E(DIHE)=0.746      E(IMPR)=0.030      E(VDW )=0.374      E(ELEC)=0.000      |
 -------------------------------------------------------------------------------
 POWELL: Gradient converged. Normal termination
 POWELL: Current coordinates set to last minimum
 (atom-i        |atom-j        )    dist.   equil.   delta    energy   const. 

 Number of violations greater    0.020:     0
 RMS deviation=   0.000
 (atom-i        |atom-j        |atom-k        )  angle    equil.     delta    energy  const. 

 (A    931  HN  |A    931  N   |A    931  CA  )  124.330  119.237    5.093    3.951  500.000
 (A    930  C   |A    931  N   |A    931  HN  )  124.342  119.249    5.093    3.951  500.000
 Number of violations greater    5.000:     2
 RMS deviation=   0.755
 Total number of dihedral angle restraints=     0
  overall scale =    1.0000
 Number of dihedral angle restraints=    0
 Number of violations greater than    5.000:     0
 RMS deviation=   0.000
 --------------- cycle=     2 --------------------------------------------------
 | Etotal =34.569     grad(E)=4.732      E(BOND)=0.009      E(ANGL)=33.410     |
 | E(DIHE)=0.746      E(IMPR)=0.030      E(VDW )=0.374      E(ELEC)=0.000      |
 | E(CDIH)=0.000      E(NOE )=0.000                                            |
 -------------------------------------------------------------------------------
 Total number of dihedral angle restraints=     0
  overall scale =    1.0000
 Number of dihedral angle restraints=    0
 Number of violations greater than    5.000:     0
 RMS deviation=   0.000
 (atom-i        |atom-j        )    dist.   equil.   delta    energy   const. 

 Number of violations greater    0.020:     0
 RMS deviation=   0.000
 (atom-i        |atom-j        |atom-k        )  angle    equil.     delta    energy  const. 

 (A    931  HN  |A    931  N   |A    931  CA  )  124.330  119.237    5.093    3.951  500.000
 (A    930  C   |A    931  N   |A    931  HN  )  124.342  119.249    5.093    3.951  500.000
 Number of violations greater    5.000:     2
 RMS deviation=   0.755
 %POWELL-ERR: all atoms fixed. No action
 POWELL: number of degrees of freedom=  3408
 NBONDS: generating intra-molecular exclusion list with mode=-3
 MAKINB: mode  -3 found     10 exclusions and      0 interactions(1-4)
 NBONDS: found     1610 intra-atom interactions
 --------------- cycle=     5 ------ stepsize=    0.0000 -----------------------
 | Etotal =93.412     grad(E)=6.510      E(BOND)=9.401      E(ANGL)=11.713     |
 | E(DIHE)=7.092      E(IMPR)=11.910     E(VDW )=53.296     E(ELEC)=0.000      |
 -------------------------------------------------------------------------------
 --------------- cycle=    10 ------ stepsize=    0.0004 -----------------------
 | Etotal =47.562     grad(E)=2.983      E(BOND)=4.754      E(ANGL)=9.054      |
 | E(DIHE)=7.101      E(IMPR)=2.364      E(VDW )=24.289     E(ELEC)=0.000      |
 -------------------------------------------------------------------------------
 POWELL: STEP number limit. Normal termination
 POWELL: Current coordinates set to last minimum
 --------------- cycle=     3 --------------------------------------------------
 | Etotal =47.562     grad(E)=2.983      E(BOND)=4.754      E(ANGL)=9.054      |
 | E(DIHE)=7.101      E(IMPR)=2.364      E(VDW )=24.289     E(ELEC)=0.000      |
 -------------------------------------------------------------------------------
 POWELL: number of degrees of freedom=  3408
 --------------- cycle=     5 ------ stepsize=    0.0000 -----------------------
 | Etotal =93.412     grad(E)=6.510      E(BOND)=9.401      E(ANGL)=11.713     |
 | E(DIHE)=7.092      E(IMPR)=11.910     E(VDW )=53.296     E(ELEC)=0.000      |
 -------------------------------------------------------------------------------
 --------------- cycle=    10 ------ stepsize=    0.0004 -----------------------
 | Etotal =47.562     grad(E)=2.983      E(BOND)=4.754      E(ANGL)=9.054      |
 | E(DIHE)=7.101      E(IMPR)=2.364      E(VDW )=24.289     E(ELEC)=0.000      |
 -------------------------------------------------------------------------------
 POWELL: STEP number limit. Normal termination
 POWELL: Current coordinates set to last minimum
 --------------- cycle=     4 --------------------------------------------------
 | Etotal =47.562     grad(E)=2.983      E(BOND)=4.754      E(ANGL)=9.054      |
 | E(DIHE)=7.101      E(IMPR)=2.364      E(VDW )=24.289     E(ELEC)=0.000      |
 -------------------------------------------------------------------------------
 POWELL: number of degrees of freedom=  3408
 --------------- cycle=     5 ------ stepsize=    0.0000 -----------------------
 | Etotal =93.412     grad(E)=6.510      E(BOND)=9.401      E(ANGL)=11.713     |
 | E(DIHE)=7.092      E(IMPR)=11.910     E(VDW )=53.296     E(ELEC)=0.000      |
 -------------------------------------------------------------------------------
 --------------- cycle=    10 ------ stepsize=    0.0004 -----------------------
 | Etotal =47.562     grad(E)=2.983      E(BOND)=4.754      E(ANGL)=9.054      |
 | E(DIHE)=7.101      E(IMPR)=2.364      E(VDW )=24.289     E(ELEC)=0.000      |
 -------------------------------------------------------------------------------
 POWELL: STEP number limit. Normal termination
 POWELL: Current coordinates set to last minimum
 --------------- cycle=     5 --------------------------------------------------
 | Etotal =47.562     grad(E)=2.983      E(BOND)=4.754      E(ANGL)=9.054      |
 | E(DIHE)=7.101      E(IMPR)=2.364      E(VDW )=24.289     E(ELEC)=0.000      |
 -------------------------------------------------------------------------------
 NBONDS: generating intra-molecular exclusion list with mode=-3
 MAKINB: mode  -3 found   2783 exclusions and      0 interactions(1-4)
 NBONDS: found    54616 intra-atom interactions
 --------------- cycle=     6 --------------------------------------------------
 | Etotal =39912.545  grad(E)=172.846    E(BOND)=258.117    E(ANGL)=621.909    |
 | E(DIHE)=644.025    E(IMPR)=15457.225  E(VDW )=22931.269  E(ELEC)=0.000      |
 -------------------------------------------------------------------------------
 POWELL: number of degrees of freedom=  3408
 NBONDS: found    54487 intra-atom interactions
 --------------- cycle=    10 ------ stepsize=    0.0000 -----------------------
 | Etotal =25600.367  grad(E)=79.449     E(BOND)=1639.891   E(ANGL)=2377.173   |
 | E(DIHE)=656.257    E(IMPR)=4333.659   E(VDW )=16593.388  E(ELEC)=0.000      |
 -------------------------------------------------------------------------------
 NBONDS: found    54142 intra-atom interactions
 --------------- cycle=    20 ------ stepsize=    0.0000 -----------------------
 | Etotal =19512.404  grad(E)=50.034     E(BOND)=1873.174   E(ANGL)=2851.146   |
 | E(DIHE)=679.644    E(IMPR)=1350.657   E(VDW )=12757.782  E(ELEC)=0.000      |
 -------------------------------------------------------------------------------
 --------------- cycle=    30 ------ stepsize=   -0.0000 -----------------------
 | Etotal =17446.778  grad(E)=39.824     E(BOND)=1698.402   E(ANGL)=2827.403   |
 | E(DIHE)=717.818    E(IMPR)=670.271    E(VDW )=11532.884  E(ELEC)=0.000      |
 -------------------------------------------------------------------------------
 NBONDS: found    53614 intra-atom interactions
 --------------- cycle=    40 ------ stepsize=    0.0000 -----------------------
 | Etotal =16086.206  grad(E)=33.884     E(BOND)=1991.739   E(ANGL)=2458.056   |
 | E(DIHE)=753.504    E(IMPR)=498.249    E(VDW )=10384.657  E(ELEC)=0.000      |
 -------------------------------------------------------------------------------
 NBONDS: found    52874 intra-atom interactions
 --------------- cycle=    50 ------ stepsize=   -0.0000 -----------------------
 | Etotal =15265.591  grad(E)=26.624     E(BOND)=2148.287   E(ANGL)=2503.994   |
 | E(DIHE)=766.195    E(IMPR)=385.818    E(VDW )=9461.297   E(ELEC)=0.000      |
 -------------------------------------------------------------------------------
 --------------- cycle=    60 ------ stepsize=   -0.0000 -----------------------
 | Etotal =14711.045  grad(E)=18.558     E(BOND)=2245.711   E(ANGL)=2373.243   |
 | E(DIHE)=775.231    E(IMPR)=307.584    E(VDW )=9009.276   E(ELEC)=0.000      |
 -------------------------------------------------------------------------------
 --------------- cycle=    70 ------ stepsize=   -0.0000 -----------------------
 | Etotal =14232.755  grad(E)=18.661     E(BOND)=2122.459   E(ANGL)=2242.131   |
 | E(DIHE)=786.123    E(IMPR)=259.114    E(VDW )=8822.927   E(ELEC)=0.000      |
 -------------------------------------------------------------------------------
 --------------- cycle=    80 ------ stepsize=    0.0000 -----------------------
 | Etotal =13840.755  grad(E)=15.252     E(BOND)=2056.992   E(ANGL)=2131.823   |
 | E(DIHE)=799.873    E(IMPR)=223.483    E(VDW )=8628.584   E(ELEC)=0.000      |
 -------------------------------------------------------------------------------
 NBONDS: found    51419 intra-atom interactions
 --------------- cycle=    90 ------ stepsize=    0.0000 -----------------------
 | Etotal =13522.724  grad(E)=14.600     E(BOND)=2115.796   E(ANGL)=2119.092   |
 | E(DIHE)=815.454    E(IMPR)=212.079    E(VDW )=8260.303   E(ELEC)=0.000      |
 -------------------------------------------------------------------------------
 --------------- cycle=   100 ------ stepsize=    0.0000 -----------------------
 | Etotal =13222.923  grad(E)=12.478     E(BOND)=2174.177   E(ANGL)=2110.070   |
 | E(DIHE)=830.373    E(IMPR)=199.879    E(VDW )=7908.425   E(ELEC)=0.000      |
 -------------------------------------------------------------------------------
 POWELL: STEP number limit. Normal termination
 POWELL: Current coordinates set to last minimum
 --------------- cycle=     7 --------------------------------------------------
 | Etotal =13222.923  grad(E)=12.478     E(BOND)=2174.177   E(ANGL)=2110.070   |
 | E(DIHE)=830.373    E(IMPR)=199.879    E(VDW )=7908.425   E(ELEC)=0.000      |
 -------------------------------------------------------------------------------
OUTPUT: /home/joao/github/haddock3/examples/recipes/sampling/topology/2oob_haddock.pdb
OUTPUT: /home/joao/github/haddock3/examples/recipes/sampling/topology/2oob_haddock.psf
 HEAP: maximum use      =    10243136 current use      =       96000 bytes
 HEAP: maximum overhead =        2752 current overhead =         752 bytes
          ============================================================
           Maximum dynamic memory allocation:    10243136 bytes
           Maximum dynamic memory overhead:          2752 bytes
           Program started at: 11:58:20 on 20-Jul-2021
           Program stopped at: 11:58:23 on 20-Jul-2021
           CPU time used:       2.7044 seconds
          ============================================================
